2025-06-21 22:46:35,454 - INFO - Loaded 130 sites from universities.json
2025-06-21 22:46:35,454 - INFO - Using 12 concurrent workers for 130 sites
2025-06-21 22:46:35,454 - INFO - Starting Lighthouse tests...
2025-06-21 22:46:35,454 - INFO - Running 260 tests with 12 concurrent workers
2025-06-21 22:46:35,482 - INFO - Testing University of Oxford (https://www.ox.ac.uk) on mobile
2025-06-21 22:46:35,483 - INFO - Testing University of Oxford (https://www.ox.ac.uk) on desktop
2025-06-21 22:46:35,484 - INFO - Testing University of Cambridge (https://www.cam.ac.uk) on mobile
2025-06-21 22:46:35,488 - INFO - Testing University of Cambridge (https://www.cam.ac.uk) on desktop
2025-06-21 22:46:35,490 - INFO - Testing Imperial College London (https://www.imperial.ac.uk) on mobile
2025-06-21 22:46:35,495 - INFO - Testing Imperial College London (https://www.imperial.ac.uk) on desktop
2025-06-21 22:46:35,497 - INFO - Testing London School of Economics and Political Science (https://www.lse.ac.uk) on mobile
2025-06-21 22:46:35,498 - INFO - Testing London School of Economics and Political Science (https://www.lse.ac.uk) on desktop
2025-06-21 22:46:35,500 - INFO - Testing University College London (https://www.ucl.ac.uk) on mobile
2025-06-21 22:46:35,508 - INFO - Testing University College London (https://www.ucl.ac.uk) on desktop
2025-06-21 22:46:35,512 - INFO - Testing King's College London (https://www.kcl.ac.uk) on mobile
2025-06-21 22:46:35,518 - INFO - Testing King's College London (https://www.kcl.ac.uk) on desktop
2025-06-21 22:48:02,324 - ERROR - Lighthouse failed for London School of Economics and Political Science (https://www.lse.ac.uk) on desktop: Runtime error encountered: Lighthouse was unable to reliably load the URL you requested because the page stopped responding.

2025-06-21 22:48:02,325 - INFO - Testing University of Edinburgh (https://www.ed.ac.uk) on mobile
2025-06-21 22:48:02,328 - WARNING - ❌ Failed London School of Economics and Political Science (desktop) - 1/260
2025-06-21 22:48:02,983 - ERROR - Lighthouse failed for London School of Economics and Political Science (https://www.lse.ac.uk) on mobile: Runtime error encountered: Lighthouse was unable to reliably load the URL you requested because the page stopped responding.

2025-06-21 22:48:02,983 - INFO - Testing University of Edinburgh (https://www.ed.ac.uk) on desktop
2025-06-21 22:48:02,996 - WARNING - ❌ Failed London School of Economics and Political Science (mobile) - 2/260
2025-06-21 22:48:09,164 - INFO - Testing University of Manchester (https://www.manchester.ac.uk) on mobile
2025-06-21 22:48:09,179 - INFO - ✅ Completed University of Cambridge (mobile) - 3/260
2025-06-21 22:48:09,550 - INFO - Testing University of Manchester (https://www.manchester.ac.uk) on desktop
2025-06-21 22:48:09,555 - INFO - ✅ Completed University of Cambridge (desktop) - 4/260
2025-06-21 22:48:19,954 - INFO - Testing University of Warwick (https://www.warwick.ac.uk) on mobile
2025-06-21 22:48:19,969 - INFO - ✅ Completed University of Oxford (desktop) - 5/260
2025-06-21 22:48:21,054 - INFO - Testing University of Warwick (https://www.warwick.ac.uk) on desktop
2025-06-21 22:48:21,055 - INFO - ✅ Completed University of Oxford (mobile) - 6/260
2025-06-21 22:48:21,530 - INFO - Testing University of Glasgow (https://www.gla.ac.uk) on mobile
2025-06-21 22:48:21,531 - INFO - ✅ Completed King's College London (desktop) - 7/260
2025-06-21 22:48:22,268 - INFO - Testing University of Glasgow (https://www.gla.ac.uk) on desktop
2025-06-21 22:48:22,294 - INFO - ✅ Completed King's College London (mobile) - 8/260
2025-06-21 22:48:34,904 - INFO - Testing University of Southampton (https://www.southampton.ac.uk) on mobile
2025-06-21 22:48:34,904 - INFO - ✅ Completed University College London (desktop) - 9/260
2025-06-21 22:48:34,990 - INFO - Testing University of Southampton (https://www.southampton.ac.uk) on desktop
2025-06-21 22:48:34,994 - INFO - ✅ Completed University College London (mobile) - 10/260
2025-06-21 22:48:41,831 - INFO - Testing University of Birmingham (https://www.birmingham.ac.uk) on mobile
2025-06-21 22:48:41,835 - INFO - ✅ Completed Imperial College London (mobile) - 11/260
2025-06-21 22:48:44,854 - ERROR - Error running Lighthouse for Imperial College London (https://www.imperial.ac.uk) on desktop: unsupported operand type(s) for *: 'NoneType' and 'int'
2025-06-21 22:48:44,860 - INFO - Testing University of Birmingham (https://www.birmingham.ac.uk) on desktop
2025-06-21 22:48:44,861 - WARNING - ❌ Failed Imperial College London (desktop) - 12/260
2025-06-21 22:49:12,527 - INFO - Testing University of Leeds (https://www.leeds.ac.uk) on mobile
2025-06-21 22:49:12,546 - INFO - ✅ Completed University of Edinburgh (desktop) - 13/260
2025-06-21 22:49:16,516 - INFO - Testing University of Leeds (https://www.leeds.ac.uk) on desktop
2025-06-21 22:49:16,545 - INFO - ✅ Completed University of Edinburgh (mobile) - 14/260
2025-06-21 22:49:37,970 - ERROR - Lighthouse failed for University of Manchester (https://www.manchester.ac.uk) on desktop: Runtime error encountered: Lighthouse was unable to reliably load the URL you requested because the page stopped responding.

2025-06-21 22:49:37,971 - INFO - Testing University of Sheffield (https://www.sheffield.ac.uk) on mobile
2025-06-21 22:49:37,988 - WARNING - ❌ Failed University of Manchester (desktop) - 15/260
2025-06-21 22:49:38,249 - ERROR - Lighthouse failed for University of Manchester (https://www.manchester.ac.uk) on mobile: Runtime error encountered: Lighthouse was unable to reliably load the URL you requested because the page stopped responding.

2025-06-21 22:49:38,249 - INFO - Testing University of Sheffield (https://www.sheffield.ac.uk) on desktop
2025-06-21 22:49:38,274 - WARNING - ❌ Failed University of Manchester (mobile) - 16/260
2025-06-21 22:50:20,714 - INFO - Testing University of Nottingham (https://www.nottingham.ac.uk) on mobile
2025-06-21 22:50:20,731 - INFO - ✅ Completed University of Glasgow (mobile) - 17/260
2025-06-21 22:50:23,139 - INFO - Testing University of Nottingham (https://www.nottingham.ac.uk) on desktop
2025-06-21 22:50:23,150 - INFO - ✅ Completed University of Glasgow (desktop) - 18/260
2025-06-21 22:50:33,583 - INFO - Testing Queen Mary University of London (https://www.qmul.ac.uk) on mobile
2025-06-21 22:50:33,598 - INFO - ✅ Completed University of Leeds (desktop) - 19/260
2025-06-21 22:50:35,122 - INFO - Testing Queen Mary University of London (https://www.qmul.ac.uk) on desktop
2025-06-21 22:50:35,137 - INFO - ✅ Completed University of Leeds (mobile) - 20/260
2025-06-21 22:50:37,681 - ERROR - Error running Lighthouse for University of Southampton (https://www.southampton.ac.uk) on mobile: unsupported operand type(s) for *: 'NoneType' and 'int'
2025-06-21 22:50:37,682 - INFO - Testing Lancaster University (https://www.lancaster.ac.uk) on mobile
2025-06-21 22:50:37,696 - WARNING - ❌ Failed University of Southampton (mobile) - 21/260
2025-06-21 22:50:37,777 - INFO - Testing Lancaster University (https://www.lancaster.ac.uk) on desktop
2025-06-21 22:50:37,779 - INFO - ✅ Completed University of Warwick (mobile) - 22/260
2025-06-21 22:50:37,980 - INFO - Testing University of Exeter (https://www.exeter.ac.uk) on mobile
2025-06-21 22:50:37,981 - INFO - ✅ Completed University of Warwick (desktop) - 23/260
2025-06-21 22:50:37,981 - ERROR - Error running Lighthouse for University of Southampton (https://www.southampton.ac.uk) on desktop: unsupported operand type(s) for *: 'NoneType' and 'int'
2025-06-21 22:50:38,011 - INFO - Testing University of Exeter (https://www.exeter.ac.uk) on desktop
2025-06-21 22:50:38,036 - WARNING - ❌ Failed University of Southampton (desktop) - 24/260
2025-06-21 22:50:47,235 - ERROR - Error running Lighthouse for University of Birmingham (https://www.birmingham.ac.uk) on mobile: unsupported operand type(s) for *: 'NoneType' and 'int'
2025-06-21 22:50:47,236 - INFO - Testing University of York (https://www.york.ac.uk) on mobile
2025-06-21 22:50:47,236 - WARNING - ❌ Failed University of Birmingham (mobile) - 25/260
2025-06-21 22:50:50,255 - INFO - Testing University of York (https://www.york.ac.uk) on desktop
2025-06-21 22:50:50,255 - INFO - ✅ Completed University of Birmingham (desktop) - 26/260
2025-06-21 22:51:16,389 - INFO - Testing University of Bath (https://www.bath.ac.uk) on mobile
2025-06-21 22:51:16,391 - INFO - ✅ Completed University of Sheffield (mobile) - 27/260
2025-06-21 22:51:19,932 - INFO - Testing University of Bath (https://www.bath.ac.uk) on desktop
2025-06-21 22:51:19,933 - INFO - ✅ Completed University of Sheffield (desktop) - 28/260
2025-06-21 22:51:53,880 - INFO - Testing Cardiff University (https://www.cardiff.ac.uk) on mobile
2025-06-21 22:51:53,902 - INFO - ✅ Completed Lancaster University (mobile) - 29/260
2025-06-21 22:51:58,499 - INFO - Testing Cardiff University (https://www.cardiff.ac.uk) on desktop
2025-06-21 22:51:58,516 - INFO - ✅ Completed Lancaster University (desktop) - 30/260
2025-06-21 22:52:26,531 - ERROR - Error running Lighthouse for University of Exeter (https://www.exeter.ac.uk) on desktop: unsupported operand type(s) for *: 'NoneType' and 'int'
2025-06-21 22:52:26,534 - INFO - Testing University of Liverpool (https://www.liverpool.ac.uk) on mobile
2025-06-21 22:52:26,535 - WARNING - ❌ Failed University of Exeter (desktop) - 31/260
2025-06-21 22:52:27,136 - INFO - Testing University of Liverpool (https://www.liverpool.ac.uk) on desktop
2025-06-21 22:52:27,138 - INFO - ✅ Completed University of Exeter (mobile) - 32/260
2025-06-21 22:52:27,532 - INFO - Testing University of St Andrews (https://www.st-andrews.ac.uk) on mobile
2025-06-21 22:52:27,533 - INFO - ✅ Completed University of Nottingham (mobile) - 33/260
2025-06-21 22:52:29,823 - INFO - Testing University of St Andrews (https://www.st-andrews.ac.uk) on desktop
2025-06-21 22:52:29,826 - INFO - ✅ Completed University of Nottingham (desktop) - 34/260
2025-06-21 22:53:01,232 - INFO - Testing University of Newcastle (https://www.ncl.ac.uk) on mobile
2025-06-21 22:53:01,232 - INFO - ✅ Completed University of York (mobile) - 35/260
2025-06-21 22:53:04,521 - INFO - Testing University of Newcastle (https://www.ncl.ac.uk) on desktop
2025-06-21 22:53:04,541 - INFO - ✅ Completed University of York (desktop) - 36/260
2025-06-21 22:53:05,366 - INFO - Testing University of Sussex (https://www.sussex.ac.uk) on mobile
2025-06-21 22:53:05,382 - INFO - ✅ Completed University of Bath (mobile) - 37/260
2025-06-21 22:53:13,934 - INFO - Testing University of Sussex (https://www.sussex.ac.uk) on desktop
2025-06-21 22:53:13,937 - INFO - ✅ Completed University of Bath (desktop) - 38/260
2025-06-21 22:53:18,174 - ERROR - Error running Lighthouse for Queen Mary University of London (https://www.qmul.ac.uk) on desktop: unsupported operand type(s) for *: 'NoneType' and 'int'
2025-06-21 22:53:18,178 - INFO - Testing University of Surrey (https://www.surrey.ac.uk) on mobile
2025-06-21 22:53:18,182 - WARNING - ❌ Failed Queen Mary University of London (desktop) - 39/260
2025-06-21 22:53:18,622 - ERROR - Error running Lighthouse for Queen Mary University of London (https://www.qmul.ac.uk) on mobile: unsupported operand type(s) for *: 'NoneType' and 'int'
2025-06-21 22:53:18,635 - INFO - Testing University of Surrey (https://www.surrey.ac.uk) on desktop
2025-06-21 22:53:18,636 - WARNING - ❌ Failed Queen Mary University of London (mobile) - 40/260
2025-06-21 22:53:25,487 - ERROR - Error running Lighthouse for Cardiff University (https://www.cardiff.ac.uk) on mobile: unsupported operand type(s) for *: 'NoneType' and 'int'
2025-06-21 22:53:25,491 - INFO - Testing Queen's University Belfast (https://www.qub.ac.uk) on mobile
2025-06-21 22:53:25,491 - WARNING - ❌ Failed Cardiff University (mobile) - 41/260
2025-06-21 22:53:30,442 - INFO - Testing Queen's University Belfast (https://www.qub.ac.uk) on desktop
2025-06-21 22:53:30,442 - INFO - ✅ Completed Cardiff University (desktop) - 42/260
2025-06-21 22:54:04,350 - INFO - Testing University of Aberdeen (https://www.abdn.ac.uk) on mobile
2025-06-21 22:54:04,351 - INFO - ✅ Completed University of Liverpool (mobile) - 43/260
2025-06-21 22:54:04,812 - ERROR - Error running Lighthouse for University of Liverpool (https://www.liverpool.ac.uk) on desktop: unsupported operand type(s) for *: 'NoneType' and 'int'
2025-06-21 22:54:04,816 - INFO - Testing University of Aberdeen (https://www.abdn.ac.uk) on desktop
2025-06-21 22:54:04,852 - WARNING - ❌ Failed University of Liverpool (desktop) - 44/260
2025-06-21 22:54:12,564 - INFO - Testing University of Dundee (https://www.dundee.ac.uk) on mobile
2025-06-21 22:54:12,590 - INFO - ✅ Completed University of Sussex (mobile) - 45/260
2025-06-21 22:54:18,857 - INFO - Testing University of Dundee (https://www.dundee.ac.uk) on desktop
2025-06-21 22:54:18,859 - INFO - ✅ Completed University of Sussex (desktop) - 46/260
2025-06-21 22:54:35,428 - ERROR - Error running Lighthouse for University of St Andrews (https://www.st-andrews.ac.uk) on mobile: unsupported operand type(s) for *: 'NoneType' and 'int'
2025-06-21 22:54:35,430 - INFO - Testing Heriot-Watt University (https://www.hw.ac.uk) on mobile
2025-06-21 22:54:35,432 - WARNING - ❌ Failed University of St Andrews (mobile) - 47/260
2025-06-21 22:54:35,854 - ERROR - Error running Lighthouse for University of St Andrews (https://www.st-andrews.ac.uk) on desktop: unsupported operand type(s) for *: 'NoneType' and 'int'
2025-06-21 22:54:35,861 - INFO - Testing Heriot-Watt University (https://www.hw.ac.uk) on desktop
2025-06-21 22:54:35,864 - WARNING - ❌ Failed University of St Andrews (desktop) - 48/260
2025-06-21 22:54:57,611 - INFO - Testing University of Strathclyde (https://www.strath.ac.uk) on mobile
2025-06-21 22:54:57,611 - INFO - ✅ Completed University of Surrey (desktop) - 49/260
2025-06-21 22:54:57,987 - INFO - Testing University of Strathclyde (https://www.strath.ac.uk) on desktop
2025-06-21 22:54:57,996 - INFO - ✅ Completed University of Surrey (mobile) - 50/260
2025-06-21 22:54:58,301 - ERROR - Lighthouse failed for Queen's University Belfast (https://www.qub.ac.uk) on mobile: Runtime error encountered: Lighthouse was unable to reliably load the URL you requested because the page stopped responding.

2025-06-21 22:54:58,302 - INFO - Testing University of Reading (https://www.reading.ac.uk) on mobile
2025-06-21 22:54:58,330 - WARNING - ❌ Failed Queen's University Belfast (mobile) - 51/260
2025-06-21 22:55:01,586 - ERROR - Lighthouse failed for Queen's University Belfast (https://www.qub.ac.uk) on desktop: Runtime error encountered: Lighthouse was unable to reliably load the URL you requested because the page stopped responding.

2025-06-21 22:55:01,586 - INFO - Testing University of Reading (https://www.reading.ac.uk) on desktop
2025-06-21 22:55:01,586 - WARNING - ❌ Failed Queen's University Belfast (desktop) - 52/260
2025-06-21 22:55:37,363 - ERROR - Error running Lighthouse for University of Newcastle (https://www.ncl.ac.uk) on mobile: unsupported operand type(s) for *: 'NoneType' and 'int'
2025-06-21 22:55:37,375 - INFO - Testing Loughborough University (https://www.lboro.ac.uk) on mobile
2025-06-21 22:55:37,383 - WARNING - ❌ Failed University of Newcastle (mobile) - 53/260
2025-06-21 22:55:44,133 - ERROR - Error running Lighthouse for University of Newcastle (https://www.ncl.ac.uk) on desktop: unsupported operand type(s) for *: 'NoneType' and 'int'
2025-06-21 22:55:44,135 - INFO - Testing Loughborough University (https://www.lboro.ac.uk) on desktop
2025-06-21 22:55:44,135 - WARNING - ❌ Failed University of Newcastle (desktop) - 54/260
2025-06-21 22:55:53,249 - ERROR - Lighthouse failed for University of Dundee (https://www.dundee.ac.uk) on desktop: Runtime error encountered: Lighthouse was unable to reliably load the URL you requested because the page stopped responding.

2025-06-21 22:55:53,250 - INFO - Testing University of Leicester (https://www.le.ac.uk) on mobile
2025-06-21 22:55:53,250 - WARNING - ❌ Failed University of Dundee (desktop) - 55/260
2025-06-21 22:56:09,694 - INFO - Testing University of Leicester (https://www.le.ac.uk) on desktop
2025-06-21 22:56:09,694 - INFO - ✅ Completed Heriot-Watt University (mobile) - 56/260
2025-06-21 22:56:10,153 - INFO - Testing Swansea University (https://www.swansea.ac.uk) on mobile
2025-06-21 22:56:10,154 - INFO - ✅ Completed Heriot-Watt University (desktop) - 57/260
2025-06-21 22:56:13,223 - INFO - Testing Swansea University (https://www.swansea.ac.uk) on desktop
2025-06-21 22:56:13,225 - INFO - ✅ Completed University of Aberdeen (mobile) - 58/260
2025-06-21 22:56:22,415 - INFO - Testing University of East Anglia (https://www.uea.ac.uk) on mobile
2025-06-21 22:56:22,415 - INFO - ✅ Completed University of Aberdeen (desktop) - 59/260
2025-06-21 22:56:36,510 - ERROR - Error running Lighthouse for University of Dundee (https://www.dundee.ac.uk) on mobile: unsupported operand type(s) for *: 'NoneType' and 'int'
2025-06-21 22:56:36,511 - INFO - Testing University of East Anglia (https://www.uea.ac.uk) on desktop
2025-06-21 22:56:36,529 - WARNING - ❌ Failed University of Dundee (mobile) - 60/260
2025-06-21 22:56:38,604 - INFO - Testing City, University of London (https://www.city.ac.uk) on mobile
2025-06-21 22:56:38,628 - INFO - ✅ Completed University of Strathclyde (desktop) - 61/260
2025-06-21 22:56:41,099 - INFO - Testing City, University of London (https://www.city.ac.uk) on desktop
2025-06-21 22:56:41,101 - INFO - ✅ Completed University of Strathclyde (mobile) - 62/260
2025-06-21 22:56:53,513 - ERROR - Lighthouse failed for University of East Anglia (https://www.uea.ac.uk) on mobile: Runtime error encountered: Lighthouse was unable to reliably load the page you requested. Make sure you are testing the correct URL and that the server is properly responding to all requests. (Status code: 403)

2025-06-21 22:56:53,514 - INFO - Testing Brunel University London (https://www.brunel.ac.uk) on mobile
2025-06-21 22:56:53,528 - WARNING - ❌ Failed University of East Anglia (mobile) - 63/260
2025-06-21 22:57:08,092 - ERROR - Lighthouse failed for University of East Anglia (https://www.uea.ac.uk) on desktop: Runtime error encountered: Lighthouse was unable to reliably load the page you requested. Make sure you are testing the correct URL and that the server is properly responding to all requests. (Status code: 403)

2025-06-21 22:57:08,092 - INFO - Testing Brunel University London (https://www.brunel.ac.uk) on desktop
2025-06-21 22:57:08,128 - WARNING - ❌ Failed University of East Anglia (desktop) - 64/260
2025-06-21 22:57:22,663 - INFO - Testing Aston University (https://www.aston.ac.uk) on mobile
2025-06-21 22:57:22,690 - INFO - ✅ Completed University of Reading (mobile) - 65/260
2025-06-21 22:57:22,691 - INFO - Testing Aston University (https://www.aston.ac.uk) on desktop
2025-06-21 22:57:22,691 - INFO - ✅ Completed University of Reading (desktop) - 66/260
2025-06-21 22:57:25,453 - INFO - Testing University of Kent (https://www.kent.ac.uk) on mobile
2025-06-21 22:57:25,477 - INFO - ✅ Completed Loughborough University (mobile) - 67/260
2025-06-21 22:57:34,496 - INFO - Testing University of Kent (https://www.kent.ac.uk) on desktop
2025-06-21 22:57:34,497 - INFO - ✅ Completed Loughborough University (desktop) - 68/260
2025-06-21 22:58:17,766 - ERROR - Error running Lighthouse for University of Leicester (https://www.le.ac.uk) on mobile: unsupported operand type(s) for *: 'NoneType' and 'int'
2025-06-21 22:58:17,771 - INFO - Testing Oxford Brookes University (https://www.brookes.ac.uk) on mobile
2025-06-21 22:58:17,773 - WARNING - ❌ Failed University of Leicester (mobile) - 69/260
2025-06-21 22:58:33,265 - INFO - Testing Oxford Brookes University (https://www.brookes.ac.uk) on desktop
2025-06-21 22:58:33,316 - INFO - ✅ Completed University of Leicester (desktop) - 70/260
2025-06-21 22:58:49,247 - INFO - Testing Goldsmiths, University of London (https://www.gold.ac.uk) on mobile
2025-06-21 22:58:49,249 - INFO - ✅ Completed City, University of London (mobile) - 71/260
2025-06-21 22:58:53,317 - ERROR - Error running Lighthouse for Swansea University (https://www.swansea.ac.uk) on mobile: unsupported operand type(s) for *: 'NoneType' and 'int'
2025-06-21 22:58:53,331 - INFO - Testing Goldsmiths, University of London (https://www.gold.ac.uk) on desktop
2025-06-21 22:58:53,335 - WARNING - ❌ Failed Swansea University (mobile) - 72/260
2025-06-21 22:58:55,658 - ERROR - Error running Lighthouse for Swansea University (https://www.swansea.ac.uk) on desktop: unsupported operand type(s) for *: 'NoneType' and 'int'
2025-06-21 22:58:55,666 - INFO - Testing Royal Holloway, University of London (https://www.rhul.ac.uk) on mobile
2025-06-21 22:58:55,666 - WARNING - ❌ Failed Swansea University (desktop) - 73/260
2025-06-21 22:58:56,640 - INFO - Testing Royal Holloway, University of London (https://www.rhul.ac.uk) on desktop
2025-06-21 22:58:56,642 - INFO - ✅ Completed City, University of London (desktop) - 74/260
2025-06-21 22:59:05,356 - ERROR - Error running Lighthouse for Brunel University London (https://www.brunel.ac.uk) on mobile: unsupported operand type(s) for *: 'NoneType' and 'int'
2025-06-21 22:59:05,360 - INFO - Testing Birkbeck, University of London (https://www.bbk.ac.uk) on mobile
2025-06-21 22:59:05,361 - WARNING - ❌ Failed Brunel University London (mobile) - 75/260
2025-06-21 22:59:08,459 - ERROR - Lighthouse failed for University of Kent (https://www.kent.ac.uk) on desktop: Runtime error encountered: Lighthouse was unable to reliably load the URL you requested because the page stopped responding.

2025-06-21 22:59:08,459 - INFO - Testing Birkbeck, University of London (https://www.bbk.ac.uk) on desktop
2025-06-21 22:59:08,460 - WARNING - ❌ Failed University of Kent (desktop) - 76/260
2025-06-21 22:59:21,619 - ERROR - Error running Lighthouse for Brunel University London (https://www.brunel.ac.uk) on desktop: unsupported operand type(s) for *: 'NoneType' and 'int'
2025-06-21 22:59:21,632 - INFO - Testing SOAS University of London (https://www.soas.ac.uk) on mobile
2025-06-21 22:59:21,667 - WARNING - ❌ Failed Brunel University London (desktop) - 77/260
2025-06-21 22:59:56,198 - ERROR - Error running Lighthouse for Aston University (https://www.aston.ac.uk) on desktop: unsupported operand type(s) for *: 'NoneType' and 'int'
2025-06-21 22:59:56,207 - INFO - Testing SOAS University of London (https://www.soas.ac.uk) on desktop
2025-06-21 22:59:56,226 - WARNING - ❌ Failed Aston University (desktop) - 78/260
2025-06-21 22:59:57,970 - ERROR - Error running Lighthouse for University of Kent (https://www.kent.ac.uk) on mobile: unsupported operand type(s) for *: 'NoneType' and 'int'
2025-06-21 22:59:57,971 - INFO - Testing University of Essex (https://www.essex.ac.uk) on mobile
2025-06-21 22:59:57,975 - WARNING - ❌ Failed University of Kent (mobile) - 79/260
2025-06-21 22:59:58,191 - ERROR - Error running Lighthouse for Aston University (https://www.aston.ac.uk) on mobile: unsupported operand type(s) for *: 'NoneType' and 'int'
2025-06-21 22:59:58,213 - INFO - Testing University of Essex (https://www.essex.ac.uk) on desktop
2025-06-21 22:59:58,213 - WARNING - ❌ Failed Aston University (mobile) - 80/260
2025-06-21 23:00:31,303 - INFO - Testing Bangor University (https://www.bangor.ac.uk) on mobile
2025-06-21 23:00:31,335 - INFO - ✅ Completed Oxford Brookes University (mobile) - 81/260
2025-06-21 23:00:40,815 - INFO - Testing Bangor University (https://www.bangor.ac.uk) on desktop
2025-06-21 23:00:40,860 - INFO - ✅ Completed Birkbeck, University of London (mobile) - 82/260
2025-06-21 23:00:45,091 - INFO - Testing Aberystwyth University (https://www.aber.ac.uk) on mobile
2025-06-21 23:00:45,103 - INFO - ✅ Completed Birkbeck, University of London (desktop) - 83/260
2025-06-21 23:00:50,474 - ERROR - Error running Lighthouse for Oxford Brookes University (https://www.brookes.ac.uk) on desktop: unsupported operand type(s) for *: 'NoneType' and 'int'
2025-06-21 23:00:50,482 - INFO - Testing Aberystwyth University (https://www.aber.ac.uk) on desktop
2025-06-21 23:00:50,515 - WARNING - ❌ Failed Oxford Brookes University (desktop) - 84/260
2025-06-21 23:00:58,619 - INFO - Testing University of Stirling (https://www.stir.ac.uk) on mobile
2025-06-21 23:00:58,672 - INFO - ✅ Completed Goldsmiths, University of London (mobile) - 85/260
2025-06-21 23:01:10,152 - INFO - Testing University of Stirling (https://www.stir.ac.uk) on desktop
2025-06-21 23:01:10,153 - INFO - ✅ Completed Goldsmiths, University of London (desktop) - 86/260
2025-06-21 23:01:14,817 - INFO - Testing Robert Gordon University (https://www.rgu.ac.uk) on mobile
2025-06-21 23:01:14,821 - INFO - ✅ Completed Royal Holloway, University of London (mobile) - 87/260
2025-06-21 23:01:21,019 - INFO - Testing Robert Gordon University (https://www.rgu.ac.uk) on desktop
2025-06-21 23:01:21,022 - INFO - ✅ Completed Royal Holloway, University of London (desktop) - 88/260
2025-06-21 23:01:43,992 - ERROR - Lighthouse failed for University of Essex (https://www.essex.ac.uk) on mobile: Runtime error encountered: Lighthouse was unable to reliably load the URL you requested because the page stopped responding.

2025-06-21 23:01:43,993 - INFO - Testing Edinburgh Napier University (https://www.napier.ac.uk) on mobile
2025-06-21 23:01:44,033 - WARNING - ❌ Failed University of Essex (mobile) - 89/260
2025-06-21 23:01:48,032 - ERROR - Lighthouse failed for University of Essex (https://www.essex.ac.uk) on desktop: Runtime error encountered: Lighthouse was unable to reliably load the URL you requested because the page stopped responding.

2025-06-21 23:01:48,033 - INFO - Testing Edinburgh Napier University (https://www.napier.ac.uk) on desktop
2025-06-21 23:01:48,039 - WARNING - ❌ Failed University of Essex (desktop) - 90/260
2025-06-21 23:01:54,189 - ERROR - Lighthouse failed for SOAS University of London (https://www.soas.ac.uk) on desktop: Runtime error encountered: Lighthouse was unable to reliably load the URL you requested because the page stopped responding.

2025-06-21 23:01:54,193 - INFO - Testing Glasgow Caledonian University (https://www.gcu.ac.uk) on mobile
2025-06-21 23:01:54,231 - WARNING - ❌ Failed SOAS University of London (desktop) - 91/260
2025-06-21 23:02:18,562 - ERROR - Lighthouse failed for Bangor University (https://www.bangor.ac.uk) on mobile: Runtime error encountered: Lighthouse was unable to reliably load the URL you requested because the page stopped responding.

2025-06-21 23:02:18,567 - INFO - Testing Glasgow Caledonian University (https://www.gcu.ac.uk) on desktop
2025-06-21 23:02:18,611 - WARNING - ❌ Failed Bangor University (mobile) - 92/260
2025-06-21 23:02:22,142 - ERROR - Lighthouse test timed out for SOAS University of London (https://www.soas.ac.uk) on mobile
2025-06-21 23:02:22,143 - INFO - Testing University of the West of Scotland (https://www.uws.ac.uk) on mobile
2025-06-21 23:02:22,181 - WARNING - ❌ Failed SOAS University of London (mobile) - 93/260
2025-06-21 23:02:28,394 - ERROR - Lighthouse failed for Bangor University (https://www.bangor.ac.uk) on desktop: Runtime error encountered: Lighthouse was unable to reliably load the URL you requested because the page stopped responding.

2025-06-21 23:02:28,399 - INFO - Testing University of the West of Scotland (https://www.uws.ac.uk) on desktop
2025-06-21 23:02:28,434 - WARNING - ❌ Failed Bangor University (desktop) - 94/260
2025-06-21 23:03:05,015 - INFO - Testing Northumbria University (https://www.northumbria.ac.uk) on mobile
2025-06-21 23:03:05,047 - INFO - ✅ Completed Aberystwyth University (mobile) - 95/260
2025-06-21 23:03:06,831 - INFO - Testing Northumbria University (https://www.northumbria.ac.uk) on desktop
2025-06-21 23:03:06,832 - INFO - ✅ Completed Aberystwyth University (desktop) - 96/260
2025-06-21 23:03:09,760 - INFO - Testing University of Hull (https://www.hull.ac.uk) on mobile
2025-06-21 23:03:09,775 - INFO - ✅ Completed University of Stirling (mobile) - 97/260
2025-06-21 23:03:20,626 - INFO - Testing University of Hull (https://www.hull.ac.uk) on desktop
2025-06-21 23:03:20,627 - INFO - ✅ Completed University of Stirling (desktop) - 98/260
2025-06-21 23:03:43,490 - ERROR - Lighthouse failed for Glasgow Caledonian University (https://www.gcu.ac.uk) on mobile: Runtime error encountered: Lighthouse was unable to reliably load the URL you requested because the page stopped responding.

2025-06-21 23:03:43,491 - INFO - Testing Keele University (https://www.keele.ac.uk) on mobile
2025-06-21 23:03:43,491 - WARNING - ❌ Failed Glasgow Caledonian University (mobile) - 99/260
2025-06-21 23:03:55,851 - ERROR - Error running Lighthouse for Robert Gordon University (https://www.rgu.ac.uk) on mobile: unsupported operand type(s) for *: 'NoneType' and 'int'
2025-06-21 23:03:55,867 - INFO - Testing Keele University (https://www.keele.ac.uk) on desktop
2025-06-21 23:03:55,869 - WARNING - ❌ Failed Robert Gordon University (mobile) - 100/260
2025-06-21 23:04:00,855 - ERROR - Error running Lighthouse for Robert Gordon University (https://www.rgu.ac.uk) on desktop: unsupported operand type(s) for *: 'NoneType' and 'int'
2025-06-21 23:04:00,864 - INFO - Testing University of Bradford (https://www.bradford.ac.uk) on mobile
2025-06-21 23:04:00,864 - WARNING - ❌ Failed Robert Gordon University (desktop) - 101/260
2025-06-21 23:04:14,089 - ERROR - Lighthouse failed for Glasgow Caledonian University (https://www.gcu.ac.uk) on desktop: Runtime error encountered: Lighthouse was unable to reliably load the URL you requested because the page stopped responding.

2025-06-21 23:04:14,090 - INFO - Testing University of Bradford (https://www.bradford.ac.uk) on desktop
2025-06-21 23:04:14,133 - WARNING - ❌ Failed Glasgow Caledonian University (desktop) - 102/260
2025-06-21 23:04:20,772 - ERROR - Lighthouse failed for University of the West of Scotland (https://www.uws.ac.uk) on mobile: Runtime error encountered: Lighthouse was unable to reliably load the URL you requested because the page stopped responding.

2025-06-21 23:04:20,772 - INFO - Testing University of Salford (https://www.salford.ac.uk) on mobile
2025-06-21 23:04:20,816 - WARNING - ❌ Failed University of the West of Scotland (mobile) - 103/260
2025-06-21 23:04:31,960 - ERROR - Lighthouse failed for Edinburgh Napier University (https://www.napier.ac.uk) on desktop: Runtime error encountered: The page did not paint any content. Please ensure you keep the browser window in the foreground during the load and try again. (NO_FCP)

2025-06-21 23:04:31,961 - INFO - Testing University of Salford (https://www.salford.ac.uk) on desktop
2025-06-21 23:04:32,018 - WARNING - ❌ Failed Edinburgh Napier University (desktop) - 104/260
2025-06-21 23:04:44,412 - ERROR - Lighthouse test timed out for Edinburgh Napier University (https://www.napier.ac.uk) on mobile
2025-06-21 23:04:44,414 - INFO - Testing Manchester Metropolitan University (https://www.mmu.ac.uk) on mobile
2025-06-21 23:04:44,483 - WARNING - ❌ Failed Edinburgh Napier University (mobile) - 105/260
2025-06-21 23:04:44,706 - ERROR - Lighthouse failed for University of Hull (https://www.hull.ac.uk) on mobile: Runtime error encountered: Lighthouse was unable to reliably load the URL you requested because the page stopped responding.

2025-06-21 23:04:44,706 - INFO - Testing Manchester Metropolitan University (https://www.mmu.ac.uk) on desktop
2025-06-21 23:04:44,767 - WARNING - ❌ Failed University of Hull (mobile) - 106/260
2025-06-21 23:04:58,336 - ERROR - Lighthouse failed for University of Hull (https://www.hull.ac.uk) on desktop: Runtime error encountered: Lighthouse was unable to reliably load the URL you requested because the page stopped responding.

2025-06-21 23:04:58,337 - INFO - Testing University of Central Lancashire (https://www.uclan.ac.uk) on mobile
2025-06-21 23:04:58,381 - WARNING - ❌ Failed University of Hull (desktop) - 107/260
2025-06-21 23:05:28,859 - ERROR - Lighthouse test timed out for University of the West of Scotland (https://www.uws.ac.uk) on desktop
2025-06-21 23:05:28,859 - INFO - Testing University of Central Lancashire (https://www.uclan.ac.uk) on desktop
2025-06-21 23:05:28,901 - WARNING - ❌ Failed University of the West of Scotland (desktop) - 108/260
2025-06-21 23:05:33,221 - INFO - Testing Liverpool John Moores University (https://www.ljmu.ac.uk) on mobile
2025-06-21 23:05:33,251 - INFO - ✅ Completed University of Bradford (mobile) - 109/260
2025-06-21 23:05:43,192 - INFO - Testing Liverpool John Moores University (https://www.ljmu.ac.uk) on desktop
2025-06-21 23:05:43,202 - INFO - ✅ Completed University of Bradford (desktop) - 110/260
2025-06-21 23:05:59,066 - ERROR - Error running Lighthouse for Northumbria University (https://www.northumbria.ac.uk) on mobile: unsupported operand type(s) for *: 'NoneType' and 'int'
2025-06-21 23:05:59,091 - INFO - Testing Sheffield Hallam University (https://www.shu.ac.uk) on mobile
2025-06-21 23:05:59,145 - WARNING - ❌ Failed Northumbria University (mobile) - 111/260
2025-06-21 23:06:03,171 - ERROR - Error running Lighthouse for Northumbria University (https://www.northumbria.ac.uk) on desktop: unsupported operand type(s) for *: 'NoneType' and 'int'
2025-06-21 23:06:03,189 - INFO - Testing Sheffield Hallam University (https://www.shu.ac.uk) on desktop
2025-06-21 23:06:03,190 - WARNING - ❌ Failed Northumbria University (desktop) - 112/260
2025-06-21 23:06:08,260 - ERROR - Lighthouse failed for University of Salford (https://www.salford.ac.uk) on mobile: Runtime error encountered: Lighthouse was unable to reliably load the URL you requested because the page stopped responding.

2025-06-21 23:06:08,260 - INFO - Testing University of Huddersfield (https://www.hud.ac.uk) on mobile
2025-06-21 23:06:08,322 - WARNING - ❌ Failed University of Salford (mobile) - 113/260
2025-06-21 23:06:20,876 - ERROR - Lighthouse failed for University of Salford (https://www.salford.ac.uk) on desktop: Runtime error encountered: Lighthouse was unable to reliably load the URL you requested because the page stopped responding.

2025-06-21 23:06:20,879 - INFO - Testing University of Huddersfield (https://www.hud.ac.uk) on desktop
2025-06-21 23:06:20,926 - WARNING - ❌ Failed University of Salford (desktop) - 114/260
2025-06-21 23:06:24,807 - ERROR - Lighthouse failed for Manchester Metropolitan University (https://www.mmu.ac.uk) on mobile: Runtime error encountered: Lighthouse was unable to reliably load the URL you requested because the page stopped responding.

2025-06-21 23:06:24,807 - INFO - Testing Leeds Beckett University (https://www.leedsbeckett.ac.uk) on mobile
2025-06-21 23:06:24,840 - WARNING - ❌ Failed Manchester Metropolitan University (mobile) - 115/260
2025-06-21 23:06:33,625 - ERROR - Error running Lighthouse for Keele University (https://www.keele.ac.uk) on mobile: unsupported operand type(s) for *: 'NoneType' and 'int'
2025-06-21 23:06:33,626 - INFO - Testing Leeds Beckett University (https://www.leedsbeckett.ac.uk) on desktop
2025-06-21 23:06:33,651 - WARNING - ❌ Failed Keele University (mobile) - 116/260
2025-06-21 23:06:45,112 - ERROR - Error running Lighthouse for Keele University (https://www.keele.ac.uk) on desktop: unsupported operand type(s) for *: 'NoneType' and 'int'
2025-06-21 23:06:45,125 - INFO - Testing Nottingham Trent University (https://www.ntu.ac.uk) on mobile
2025-06-21 23:06:45,128 - WARNING - ❌ Failed Keele University (desktop) - 117/260
2025-06-21 23:06:49,053 - ERROR - Lighthouse failed for Liverpool John Moores University (https://www.ljmu.ac.uk) on mobile: Runtime error encountered: The page did not paint any content. Please ensure you keep the browser window in the foreground during the load and try again. (NO_FCP)

2025-06-21 23:06:49,058 - INFO - Testing Nottingham Trent University (https://www.ntu.ac.uk) on desktop
2025-06-21 23:06:49,059 - WARNING - ❌ Failed Liverpool John Moores University (mobile) - 118/260
2025-06-21 23:07:00,980 - ERROR - Lighthouse failed for Liverpool John Moores University (https://www.ljmu.ac.uk) on desktop: Runtime error encountered: The page did not paint any content. Please ensure you keep the browser window in the foreground during the load and try again. (NO_FCP)

2025-06-21 23:07:00,980 - INFO - Testing De Montfort University (https://www.dmu.ac.uk) on mobile
2025-06-21 23:07:00,981 - WARNING - ❌ Failed Liverpool John Moores University (desktop) - 119/260
2025-06-21 23:07:24,319 - ERROR - Error running Lighthouse for Manchester Metropolitan University (https://www.mmu.ac.uk) on desktop: unsupported operand type(s) for *: 'NoneType' and 'int'
2025-06-21 23:07:24,330 - INFO - Testing De Montfort University (https://www.dmu.ac.uk) on desktop
2025-06-21 23:07:24,332 - WARNING - ❌ Failed Manchester Metropolitan University (desktop) - 120/260
2025-06-21 23:07:40,358 - ERROR - Error running Lighthouse for University of Central Lancashire (https://www.uclan.ac.uk) on mobile: unsupported operand type(s) for *: 'NoneType' and 'int'
2025-06-21 23:07:40,374 - INFO - Testing Coventry University (https://www.coventry.ac.uk) on mobile
2025-06-21 23:07:40,375 - WARNING - ❌ Failed University of Central Lancashire (mobile) - 121/260
2025-06-21 23:08:06,879 - ERROR - Error running Lighthouse for University of Central Lancashire (https://www.uclan.ac.uk) on desktop: unsupported operand type(s) for *: 'NoneType' and 'int'
2025-06-21 23:08:06,893 - INFO - Testing Coventry University (https://www.coventry.ac.uk) on desktop
2025-06-21 23:08:06,935 - WARNING - ❌ Failed University of Central Lancashire (desktop) - 122/260
2025-06-21 23:08:25,436 - INFO - Testing Birmingham City University (https://www.bcu.ac.uk) on mobile
2025-06-21 23:08:25,481 - INFO - ✅ Completed University of Huddersfield (mobile) - 123/260
2025-06-21 23:08:25,717 - ERROR - Lighthouse failed for Nottingham Trent University (https://www.ntu.ac.uk) on mobile: Runtime error encountered: Lighthouse was unable to reliably load the URL you requested because the page stopped responding.

2025-06-21 23:08:25,717 - INFO - Testing Birmingham City University (https://www.bcu.ac.uk) on desktop
2025-06-21 23:08:25,767 - WARNING - ❌ Failed Nottingham Trent University (mobile) - 124/260
2025-06-21 23:08:27,455 - ERROR - Lighthouse failed for Nottingham Trent University (https://www.ntu.ac.uk) on desktop: Runtime error encountered: Lighthouse was unable to reliably load the URL you requested because the page stopped responding.

2025-06-21 23:08:27,455 - INFO - Testing University of Wolverhampton (https://www.wlv.ac.uk) on mobile
2025-06-21 23:08:27,456 - WARNING - ❌ Failed Nottingham Trent University (desktop) - 125/260
2025-06-21 23:08:34,757 - INFO - Testing University of Wolverhampton (https://www.wlv.ac.uk) on desktop
2025-06-21 23:08:34,790 - INFO - ✅ Completed University of Huddersfield (desktop) - 126/260
2025-06-21 23:08:41,203 - ERROR - Error running Lighthouse for Sheffield Hallam University (https://www.shu.ac.uk) on mobile: unsupported operand type(s) for *: 'NoneType' and 'int'
2025-06-21 23:08:41,208 - INFO - Testing Staffordshire University (https://www.staffs.ac.uk) on mobile
2025-06-21 23:08:41,208 - WARNING - ❌ Failed Sheffield Hallam University (mobile) - 127/260
2025-06-21 23:08:54,124 - ERROR - Error running Lighthouse for Sheffield Hallam University (https://www.shu.ac.uk) on desktop: unsupported operand type(s) for *: 'NoneType' and 'int'
2025-06-21 23:08:54,129 - INFO - Testing Staffordshire University (https://www.staffs.ac.uk) on desktop
2025-06-21 23:08:54,131 - WARNING - ❌ Failed Sheffield Hallam University (desktop) - 128/260
2025-06-21 23:09:22,225 - ERROR - Error running Lighthouse for Leeds Beckett University (https://www.leedsbeckett.ac.uk) on mobile: unsupported operand type(s) for *: 'NoneType' and 'int'
2025-06-21 23:09:22,239 - INFO - Testing University of Derby (https://www.derby.ac.uk) on mobile
2025-06-21 23:09:22,239 - WARNING - ❌ Failed Leeds Beckett University (mobile) - 129/260
2025-06-21 23:09:25,095 - INFO - Testing University of Derby (https://www.derby.ac.uk) on desktop
2025-06-21 23:09:25,110 - INFO - ✅ Completed De Montfort University (mobile) - 130/260
2025-06-21 23:09:30,301 - ERROR - Error running Lighthouse for Leeds Beckett University (https://www.leedsbeckett.ac.uk) on desktop: unsupported operand type(s) for *: 'NoneType' and 'int'
2025-06-21 23:09:30,306 - INFO - Testing University of Lincoln (https://www.lincoln.ac.uk) on mobile
2025-06-21 23:09:30,306 - WARNING - ❌ Failed Leeds Beckett University (desktop) - 131/260
2025-06-21 23:09:35,725 - INFO - ✅ Completed Coventry University (mobile) - 132/260
2025-06-21 23:09:35,718 - INFO - Testing University of Lincoln (https://www.lincoln.ac.uk) on desktop
2025-06-21 23:09:52,475 - INFO - Testing Anglia Ruskin University (https://www.anglia.ac.uk) on mobile
2025-06-21 23:09:52,537 - INFO - ✅ Completed De Montfort University (desktop) - 133/260
2025-06-21 23:10:03,465 - INFO - Testing Anglia Ruskin University (https://www.anglia.ac.uk) on desktop
2025-06-21 23:10:03,474 - INFO - ✅ Completed Coventry University (desktop) - 134/260
2025-06-21 23:10:25,573 - ERROR - Lighthouse failed for University of Wolverhampton (https://www.wlv.ac.uk) on desktop: Runtime error encountered: Lighthouse was unable to reliably load the URL you requested because the page stopped responding.

2025-06-21 23:10:25,573 - INFO - Testing University of Hertfordshire (https://www.herts.ac.uk) on mobile
2025-06-21 23:10:25,624 - WARNING - ❌ Failed University of Wolverhampton (desktop) - 135/260
2025-06-21 23:10:40,865 - INFO - Testing University of Hertfordshire (https://www.herts.ac.uk) on desktop
2025-06-21 23:10:40,907 - INFO - ✅ Completed Staffordshire University (mobile) - 136/260
2025-06-21 23:10:51,534 - INFO - Testing University of Bedfordshire (https://www.beds.ac.uk) on mobile
2025-06-21 23:10:51,591 - INFO - ✅ Completed Staffordshire University (desktop) - 137/260
2025-06-21 23:11:01,930 - ERROR - Lighthouse failed for University of Derby (https://www.derby.ac.uk) on mobile: Runtime error encountered: Lighthouse was unable to reliably load the URL you requested because the page stopped responding.

2025-06-21 23:11:01,931 - INFO - Testing University of Bedfordshire (https://www.beds.ac.uk) on desktop
2025-06-21 23:11:01,933 - WARNING - ❌ Failed University of Derby (mobile) - 138/260
2025-06-21 23:11:09,079 - ERROR - Lighthouse failed for University of Derby (https://www.derby.ac.uk) on desktop: Runtime error encountered: Lighthouse was unable to reliably load the URL you requested because the page stopped responding.

2025-06-21 23:11:09,079 - INFO - Testing Middlesex University (https://www.mdx.ac.uk) on mobile
2025-06-21 23:11:09,125 - WARNING - ❌ Failed University of Derby (desktop) - 139/260
2025-06-21 23:11:12,009 - ERROR - Error running Lighthouse for Birmingham City University (https://www.bcu.ac.uk) on mobile: unsupported operand type(s) for *: 'NoneType' and 'int'
2025-06-21 23:11:12,024 - INFO - Testing Middlesex University (https://www.mdx.ac.uk) on desktop
2025-06-21 23:11:12,112 - WARNING - ❌ Failed Birmingham City University (mobile) - 140/260
2025-06-21 23:11:13,549 - ERROR - Error running Lighthouse for Birmingham City University (https://www.bcu.ac.uk) on desktop: unsupported operand type(s) for *: 'NoneType' and 'int'
2025-06-21 23:11:13,566 - INFO - Testing University of Greenwich (https://www.greenwich.ac.uk) on mobile
2025-06-21 23:11:13,567 - WARNING - ❌ Failed Birmingham City University (desktop) - 141/260
2025-06-21 23:11:27,976 - ERROR - Lighthouse test timed out for University of Wolverhampton (https://www.wlv.ac.uk) on mobile
2025-06-21 23:11:27,979 - INFO - Testing University of Greenwich (https://www.greenwich.ac.uk) on desktop
2025-06-21 23:11:28,022 - WARNING - ❌ Failed University of Wolverhampton (mobile) - 142/260
2025-06-21 23:11:55,086 - INFO - Testing Kingston University (https://www.kingston.ac.uk) on mobile
2025-06-21 23:11:55,088 - INFO - ✅ Completed Anglia Ruskin University (mobile) - 143/260
2025-06-21 23:12:06,566 - INFO - Testing Kingston University (https://www.kingston.ac.uk) on desktop
2025-06-21 23:12:06,566 - INFO - ✅ Completed Anglia Ruskin University (desktop) - 144/260
2025-06-21 23:12:21,170 - ERROR - Error running Lighthouse for University of Lincoln (https://www.lincoln.ac.uk) on mobile: unsupported operand type(s) for *: 'NoneType' and 'int'
2025-06-21 23:12:21,172 - INFO - Testing University of Roehampton (https://www.roehampton.ac.uk) on mobile
2025-06-21 23:12:21,215 - WARNING - ❌ Failed University of Lincoln (mobile) - 145/260
2025-06-21 23:12:26,245 - ERROR - Lighthouse failed for University of Hertfordshire (https://www.herts.ac.uk) on mobile: Runtime error encountered: Lighthouse was unable to reliably load the URL you requested because the page stopped responding.

2025-06-21 23:12:26,246 - INFO - Testing University of Roehampton (https://www.roehampton.ac.uk) on desktop
2025-06-21 23:12:26,319 - WARNING - ❌ Failed University of Hertfordshire (mobile) - 146/260
2025-06-21 23:12:31,373 - ERROR - Error running Lighthouse for University of Lincoln (https://www.lincoln.ac.uk) on desktop: unsupported operand type(s) for *: 'NoneType' and 'int'
2025-06-21 23:12:31,375 - INFO - Testing London South Bank University (https://www.lsbu.ac.uk) on mobile
2025-06-21 23:12:31,443 - WARNING - ❌ Failed University of Lincoln (desktop) - 147/260
2025-06-21 23:12:48,136 - ERROR - Lighthouse failed for University of Hertfordshire (https://www.herts.ac.uk) on desktop: Runtime error encountered: Lighthouse was unable to reliably load the URL you requested because the page stopped responding.

2025-06-21 23:12:48,137 - INFO - Testing London South Bank University (https://www.lsbu.ac.uk) on desktop
2025-06-21 23:12:48,137 - WARNING - ❌ Failed University of Hertfordshire (desktop) - 148/260
2025-06-21 23:13:21,771 - INFO - Testing University of East London (https://www.uel.ac.uk) on mobile
2025-06-21 23:13:21,820 - INFO - ✅ Completed Middlesex University (desktop) - 149/260
2025-06-21 23:13:37,239 - ERROR - Error running Lighthouse for Middlesex University (https://www.mdx.ac.uk) on mobile: unsupported operand type(s) for *: 'NoneType' and 'int'
2025-06-21 23:13:37,255 - WARNING - ❌ Failed Middlesex University (mobile) - 150/260
2025-06-21 23:13:37,256 - INFO - Testing University of East London (https://www.uel.ac.uk) on desktop
2025-06-21 23:13:52,147 - ERROR - Lighthouse test timed out for University of Bedfordshire (https://www.beds.ac.uk) on mobile
2025-06-21 23:13:52,148 - INFO - Testing London Metropolitan University (https://www.londonmet.ac.uk) on mobile
2025-06-21 23:13:52,148 - WARNING - ❌ Failed University of Bedfordshire (mobile) - 151/260
2025-06-21 23:13:59,560 - ERROR - Error running Lighthouse for University of Bedfordshire (https://www.beds.ac.uk) on desktop: unsupported operand type(s) for *: 'NoneType' and 'int'
2025-06-21 23:13:59,570 - INFO - Testing London Metropolitan University (https://www.londonmet.ac.uk) on desktop
2025-06-21 23:13:59,616 - WARNING - ❌ Failed University of Bedfordshire (desktop) - 152/260
2025-06-21 23:14:01,046 - ERROR - Error running Lighthouse for University of Greenwich (https://www.greenwich.ac.uk) on mobile: unsupported operand type(s) for *: 'NoneType' and 'int'
2025-06-21 23:14:01,052 - INFO - Testing University of West London (https://www.uwl.ac.uk) on mobile
2025-06-21 23:14:01,056 - WARNING - ❌ Failed University of Greenwich (mobile) - 153/260
2025-06-21 23:14:09,291 - ERROR - Error running Lighthouse for University of Greenwich (https://www.greenwich.ac.uk) on desktop: unsupported operand type(s) for *: 'NoneType' and 'int'
2025-06-21 23:14:09,300 - INFO - Testing University of West London (https://www.uwl.ac.uk) on desktop
2025-06-21 23:14:09,303 - WARNING - ❌ Failed University of Greenwich (desktop) - 154/260
2025-06-21 23:14:33,962 - ERROR - Error running Lighthouse for Kingston University (https://www.kingston.ac.uk) on mobile: unsupported operand type(s) for *: 'NoneType' and 'int'
2025-06-21 23:14:33,970 - INFO - Testing Canterbury Christ Church University (https://www.canterbury.ac.uk) on mobile
2025-06-21 23:14:33,971 - WARNING - ❌ Failed Kingston University (mobile) - 155/260
2025-06-21 23:14:37,463 - ERROR - Lighthouse failed for London South Bank University (https://www.lsbu.ac.uk) on desktop: Runtime error encountered: Lighthouse was unable to reliably load the URL you requested because the page stopped responding.

2025-06-21 23:14:37,465 - INFO - Testing Canterbury Christ Church University (https://www.canterbury.ac.uk) on desktop
2025-06-21 23:14:37,465 - WARNING - ❌ Failed London South Bank University (desktop) - 156/260
2025-06-21 23:14:48,524 - INFO - Testing University of Brighton (https://www.brighton.ac.uk) on mobile
2025-06-21 23:14:48,559 - INFO - ✅ Completed Kingston University (desktop) - 157/260
2025-06-21 23:14:59,911 - ERROR - Lighthouse failed for University of East London (https://www.uel.ac.uk) on mobile: Runtime error encountered: Lighthouse was unable to reliably load the URL you requested because the page stopped responding.

2025-06-21 23:14:59,911 - INFO - Testing University of Brighton (https://www.brighton.ac.uk) on desktop
2025-06-21 23:14:59,967 - WARNING - ❌ Failed University of East London (mobile) - 158/260
2025-06-21 23:15:08,559 - ERROR - Error running Lighthouse for University of Roehampton (https://www.roehampton.ac.uk) on mobile: unsupported operand type(s) for *: 'NoneType' and 'int'
2025-06-21 23:15:08,566 - INFO - Testing University of Portsmouth (https://www.port.ac.uk) on mobile
2025-06-21 23:15:08,568 - WARNING - ❌ Failed University of Roehampton (mobile) - 159/260
2025-06-21 23:15:20,442 - ERROR - Error running Lighthouse for University of Roehampton (https://www.roehampton.ac.uk) on desktop: unsupported operand type(s) for *: 'NoneType' and 'int'
2025-06-21 23:15:20,443 - INFO - Testing University of Portsmouth (https://www.port.ac.uk) on desktop
2025-06-21 23:15:20,498 - WARNING - ❌ Failed University of Roehampton (desktop) - 160/260
2025-06-21 23:15:31,902 - ERROR - Lighthouse test timed out for London South Bank University (https://www.lsbu.ac.uk) on mobile
2025-06-21 23:15:31,904 - INFO - Testing Bournemouth University (https://www.bournemouth.ac.uk) on mobile
2025-06-21 23:15:31,955 - WARNING - ❌ Failed London South Bank University (mobile) - 161/260
2025-06-21 23:16:14,224 - ERROR - Lighthouse failed for Canterbury Christ Church University (https://www.canterbury.ac.uk) on mobile: Runtime error encountered: Lighthouse was unable to reliably load the URL you requested because the page stopped responding.

2025-06-21 23:16:14,225 - INFO - Testing Bournemouth University (https://www.bournemouth.ac.uk) on desktop
2025-06-21 23:16:14,256 - WARNING - ❌ Failed Canterbury Christ Church University (mobile) - 162/260
2025-06-21 23:16:19,829 - ERROR - Lighthouse failed for Canterbury Christ Church University (https://www.canterbury.ac.uk) on desktop: Runtime error encountered: Lighthouse was unable to reliably load the URL you requested because the page stopped responding.

2025-06-21 23:16:19,829 - INFO - Testing University of Winchester (https://www.winchester.ac.uk) on mobile
2025-06-21 23:16:19,835 - WARNING - ❌ Failed Canterbury Christ Church University (desktop) - 163/260
2025-06-21 23:16:37,298 - INFO - Testing University of Winchester (https://www.winchester.ac.uk) on desktop
2025-06-21 23:16:37,346 - INFO - ✅ Completed University of West London (mobile) - 164/260
2025-06-21 23:16:37,858 - ERROR - Lighthouse test timed out for University of East London (https://www.uel.ac.uk) on desktop
2025-06-21 23:16:37,858 - INFO - Testing University of Plymouth (https://www.plymouth.ac.uk) on mobile
2025-06-21 23:16:37,891 - WARNING - ❌ Failed University of East London (desktop) - 165/260
2025-06-21 23:16:43,562 - ERROR - Error running Lighthouse for University of West London (https://www.uwl.ac.uk) on desktop: unsupported operand type(s) for *: 'NoneType' and 'int'
2025-06-21 23:16:43,570 - INFO - Testing University of Plymouth (https://www.plymouth.ac.uk) on desktop
2025-06-21 23:16:43,572 - WARNING - ❌ Failed University of West London (desktop) - 166/260
2025-06-21 23:16:50,542 - ERROR - Error running Lighthouse for London Metropolitan University (https://www.londonmet.ac.uk) on mobile: unsupported operand type(s) for *: 'NoneType' and 'int'
2025-06-21 23:16:50,546 - INFO - Testing University of the West of England (https://www.uwe.ac.uk) on mobile
2025-06-21 23:16:50,566 - WARNING - ❌ Failed London Metropolitan University (mobile) - 167/260
2025-06-21 23:16:54,034 - ERROR - Error running Lighthouse for London Metropolitan University (https://www.londonmet.ac.uk) on desktop: unsupported operand type(s) for *: 'NoneType' and 'int'
2025-06-21 23:16:54,045 - INFO - Testing University of the West of England (https://www.uwe.ac.uk) on desktop
2025-06-21 23:16:54,075 - WARNING - ❌ Failed London Metropolitan University (desktop) - 168/260
2025-06-21 23:16:59,321 - INFO - Testing Bath Spa University (https://www.bathspa.ac.uk) on mobile
2025-06-21 23:16:59,370 - INFO - ✅ Completed University of Brighton (mobile) - 169/260
2025-06-21 23:17:03,787 - INFO - Testing Bath Spa University (https://www.bathspa.ac.uk) on desktop
2025-06-21 23:17:03,829 - INFO - ✅ Completed University of Brighton (desktop) - 170/260
2025-06-21 23:17:53,335 - ERROR - Error running Lighthouse for University of Portsmouth (https://www.port.ac.uk) on mobile: unsupported operand type(s) for *: 'NoneType' and 'int'
2025-06-21 23:17:53,353 - INFO - Testing University of Gloucestershire (https://www.glos.ac.uk) on mobile
2025-06-21 23:17:53,353 - WARNING - ❌ Failed University of Portsmouth (mobile) - 171/260
2025-06-21 23:18:02,025 - ERROR - Lighthouse failed for University of Winchester (https://www.winchester.ac.uk) on mobile: Runtime error encountered: Lighthouse was unable to reliably load the URL you requested because the page stopped responding.

2025-06-21 23:18:02,026 - INFO - Testing University of Gloucestershire (https://www.glos.ac.uk) on desktop
2025-06-21 23:18:02,084 - WARNING - ❌ Failed University of Winchester (mobile) - 172/260
2025-06-21 23:18:10,205 - ERROR - Lighthouse failed for University of Portsmouth (https://www.port.ac.uk) on desktop: Unhandled Rejection. Reason: Error: Protocol error (Page.enable): Protocol error (Page.enable): Session closed. Most likely the page has been closed.

2025-06-21 23:18:10,205 - INFO - Testing Cardiff Metropolitan University (https://www.cardiffmet.ac.uk) on mobile
2025-06-21 23:18:10,257 - WARNING - ❌ Failed University of Portsmouth (desktop) - 173/260
2025-06-21 23:18:12,854 - ERROR - Error running Lighthouse for Bournemouth University (https://www.bournemouth.ac.uk) on mobile: unsupported operand type(s) for *: 'NoneType' and 'int'
2025-06-21 23:18:12,864 - INFO - Testing Cardiff Metropolitan University (https://www.cardiffmet.ac.uk) on desktop
2025-06-21 23:18:12,907 - WARNING - ❌ Failed Bournemouth University (mobile) - 174/260
2025-06-21 23:18:22,177 - ERROR - Lighthouse failed for University of Winchester (https://www.winchester.ac.uk) on desktop: Runtime error encountered: Lighthouse was unable to reliably load the URL you requested because the page stopped responding.

2025-06-21 23:18:22,177 - INFO - Testing University of South Wales (https://www.southwales.ac.uk) on mobile
2025-06-21 23:18:22,203 - WARNING - ❌ Failed University of Winchester (desktop) - 175/260
2025-06-21 23:18:48,931 - ERROR - Lighthouse failed for Bath Spa University (https://www.bathspa.ac.uk) on mobile: Runtime error encountered: Lighthouse was unable to reliably load the URL you requested because the page stopped responding.

2025-06-21 23:18:48,932 - INFO - Testing University of South Wales (https://www.southwales.ac.uk) on desktop
2025-06-21 23:18:48,932 - WARNING - ❌ Failed Bath Spa University (mobile) - 176/260
2025-06-21 23:18:53,054 - ERROR - Lighthouse failed for Bath Spa University (https://www.bathspa.ac.uk) on desktop: Runtime error encountered: Lighthouse was unable to reliably load the URL you requested because the page stopped responding.

2025-06-21 23:18:53,054 - INFO - Testing University of Wales Trinity Saint David (https://www.uwtsd.ac.uk) on mobile
2025-06-21 23:18:53,096 - WARNING - ❌ Failed Bath Spa University (desktop) - 177/260
2025-06-21 23:18:55,777 - ERROR - Error running Lighthouse for Bournemouth University (https://www.bournemouth.ac.uk) on desktop: unsupported operand type(s) for *: 'NoneType' and 'int'
2025-06-21 23:18:55,789 - INFO - Testing University of Wales Trinity Saint David (https://www.uwtsd.ac.uk) on desktop
2025-06-21 23:18:55,850 - WARNING - ❌ Failed Bournemouth University (desktop) - 178/260
2025-06-21 23:19:27,246 - ERROR - Error running Lighthouse for University of Plymouth (https://www.plymouth.ac.uk) on mobile: unsupported operand type(s) for *: 'NoneType' and 'int'
2025-06-21 23:19:27,247 - INFO - Testing Wrexham Glyndwr University (https://www.glyndwr.ac.uk) on mobile
2025-06-21 23:19:27,247 - WARNING - ❌ Failed University of Plymouth (mobile) - 179/260
2025-06-21 23:19:30,976 - ERROR - Error running Lighthouse for University of Plymouth (https://www.plymouth.ac.uk) on desktop: unsupported operand type(s) for *: 'NoneType' and 'int'
2025-06-21 23:19:30,977 - INFO - Testing Wrexham Glyndwr University (https://www.glyndwr.ac.uk) on desktop
2025-06-21 23:19:31,037 - WARNING - ❌ Failed University of Plymouth (desktop) - 180/260
2025-06-21 23:19:48,471 - ERROR - Error running Lighthouse for University of the West of England (https://www.uwe.ac.uk) on mobile: unsupported operand type(s) for *: 'NoneType' and 'int'
2025-06-21 23:19:48,481 - INFO - Testing Ulster University (https://www.ulster.ac.uk) on mobile
2025-06-21 23:19:48,538 - WARNING - ❌ Failed University of the West of England (mobile) - 181/260
2025-06-21 23:19:50,701 - ERROR - Error running Lighthouse for University of the West of England (https://www.uwe.ac.uk) on desktop: unsupported operand type(s) for *: 'NoneType' and 'int'
2025-06-21 23:19:50,712 - INFO - Testing Ulster University (https://www.ulster.ac.uk) on desktop
2025-06-21 23:19:50,781 - WARNING - ❌ Failed University of the West of England (desktop) - 182/260
2025-06-21 23:19:56,319 - ERROR - Lighthouse failed for Cardiff Metropolitan University (https://www.cardiffmet.ac.uk) on desktop: Runtime error encountered: Lighthouse was unable to reliably load the URL you requested because the page stopped responding.

2025-06-21 23:19:56,319 - INFO - Testing University of Chester (https://www.chester.ac.uk) on mobile
2025-06-21 23:19:56,361 - WARNING - ❌ Failed Cardiff Metropolitan University (desktop) - 183/260
2025-06-21 23:20:02,767 - ERROR - Lighthouse failed for Cardiff Metropolitan University (https://www.cardiffmet.ac.uk) on mobile: Runtime error encountered: Lighthouse was unable to reliably load the URL you requested because the page stopped responding.

2025-06-21 23:20:02,767 - INFO - Testing University of Chester (https://www.chester.ac.uk) on desktop
2025-06-21 23:20:02,770 - WARNING - ❌ Failed Cardiff Metropolitan University (mobile) - 184/260
2025-06-21 23:20:39,012 - ERROR - Lighthouse failed for University of Chester (https://www.chester.ac.uk) on mobile: Runtime error encountered: Lighthouse was unable to reliably load the page you requested. Make sure you are testing the correct URL and that the server is properly responding to all requests. (Status code: 403)

2025-06-21 23:20:39,012 - INFO - Testing Edge Hill University (https://www.edgehill.ac.uk) on mobile
2025-06-21 23:20:39,066 - WARNING - ❌ Failed University of Chester (mobile) - 185/260
2025-06-21 23:20:46,244 - ERROR - Lighthouse failed for University of Chester (https://www.chester.ac.uk) on desktop: Runtime error encountered: Lighthouse was unable to reliably load the page you requested. Make sure you are testing the correct URL and that the server is properly responding to all requests. (Status code: 403)

2025-06-21 23:20:46,245 - INFO - Testing Edge Hill University (https://www.edgehill.ac.uk) on desktop
2025-06-21 23:20:46,246 - WARNING - ❌ Failed University of Chester (desktop) - 186/260
2025-06-21 23:20:49,206 - INFO - Testing University of Cumbria (https://www.cumbria.ac.uk) on mobile
2025-06-21 23:20:49,206 - INFO - ✅ Completed University of Gloucestershire (mobile) - 187/260
2025-06-21 23:20:50,818 - ERROR - Lighthouse failed for University of Wales Trinity Saint David (https://www.uwtsd.ac.uk) on mobile: Runtime error encountered: Lighthouse was unable to reliably load the URL you requested because the page stopped responding.

2025-06-21 23:20:50,826 - INFO - Testing University of Cumbria (https://www.cumbria.ac.uk) on desktop
2025-06-21 23:20:50,828 - WARNING - ❌ Failed University of Wales Trinity Saint David (mobile) - 188/260
2025-06-21 23:20:51,849 - ERROR - Lighthouse failed for University of Wales Trinity Saint David (https://www.uwtsd.ac.uk) on desktop: Runtime error encountered: Lighthouse was unable to reliably load the URL you requested because the page stopped responding.

2025-06-21 23:20:51,850 - INFO - Testing York St John University (https://www.yorksj.ac.uk) on mobile
2025-06-21 23:20:51,894 - WARNING - ❌ Failed University of Wales Trinity Saint David (desktop) - 189/260
2025-06-21 23:20:57,981 - INFO - Testing York St John University (https://www.yorksj.ac.uk) on desktop
2025-06-21 23:20:57,983 - INFO - ✅ Completed University of South Wales (mobile) - 190/260
2025-06-21 23:21:02,342 - ERROR - Lighthouse test timed out for University of Gloucestershire (https://www.glos.ac.uk) on desktop
2025-06-21 23:21:02,342 - INFO - Testing Leeds Trinity University (https://www.leedstrinity.ac.uk) on mobile
2025-06-21 23:21:02,378 - WARNING - ❌ Failed University of Gloucestershire (desktop) - 191/260
2025-06-21 23:21:19,512 - ERROR - Lighthouse failed for Wrexham Glyndwr University (https://www.glyndwr.ac.uk) on mobile: Runtime error encountered: Lighthouse was unable to reliably load the URL you requested because the page stopped responding.

2025-06-21 23:21:19,512 - INFO - Testing Leeds Trinity University (https://www.leedstrinity.ac.uk) on desktop
2025-06-21 23:21:19,558 - WARNING - ❌ Failed Wrexham Glyndwr University (mobile) - 192/260
2025-06-21 23:21:22,300 - ERROR - Lighthouse failed for Wrexham Glyndwr University (https://www.glyndwr.ac.uk) on desktop: Runtime error encountered: Lighthouse was unable to reliably load the URL you requested because the page stopped responding.

2025-06-21 23:21:22,300 - INFO - Testing University of Northampton (https://www.northampton.ac.uk) on mobile
2025-06-21 23:21:22,348 - WARNING - ❌ Failed Wrexham Glyndwr University (desktop) - 193/260
2025-06-21 23:21:22,609 - ERROR - Error running Lighthouse for University of South Wales (https://www.southwales.ac.uk) on desktop: unsupported operand type(s) for *: 'NoneType' and 'int'
2025-06-21 23:21:22,624 - INFO - Testing University of Northampton (https://www.northampton.ac.uk) on desktop
2025-06-21 23:21:22,674 - WARNING - ❌ Failed University of South Wales (desktop) - 194/260
2025-06-21 23:21:37,416 - ERROR - Lighthouse failed for Ulster University (https://www.ulster.ac.uk) on mobile: Runtime error encountered: Lighthouse was unable to reliably load the URL you requested because the page stopped responding.

2025-06-21 23:21:37,416 - INFO - Testing University of Chichester (https://www.chi.ac.uk) on mobile
2025-06-21 23:21:37,460 - WARNING - ❌ Failed Ulster University (mobile) - 195/260
2025-06-21 23:21:42,963 - ERROR - Lighthouse failed for Ulster University (https://www.ulster.ac.uk) on desktop: Runtime error encountered: Lighthouse was unable to reliably load the URL you requested because the page stopped responding.

2025-06-21 23:21:42,964 - INFO - Testing University of Chichester (https://www.chi.ac.uk) on desktop
2025-06-21 23:21:43,044 - WARNING - ❌ Failed Ulster University (desktop) - 196/260
2025-06-21 23:22:44,694 - ERROR - Lighthouse failed for University of Cumbria (https://www.cumbria.ac.uk) on mobile: Runtime error encountered: Lighthouse was unable to reliably load the URL you requested because the page stopped responding.

2025-06-21 23:22:44,698 - INFO - Testing Solent University (https://www.solent.ac.uk) on mobile
2025-06-21 23:22:44,757 - WARNING - ❌ Failed University of Cumbria (mobile) - 197/260
2025-06-21 23:22:45,920 - ERROR - Lighthouse failed for University of Cumbria (https://www.cumbria.ac.uk) on desktop: Runtime error encountered: Lighthouse was unable to reliably load the URL you requested because the page stopped responding.

2025-06-21 23:22:45,920 - INFO - Testing Solent University (https://www.solent.ac.uk) on desktop
2025-06-21 23:22:45,990 - WARNING - ❌ Failed University of Cumbria (desktop) - 198/260
2025-06-21 23:23:21,500 - ERROR - Lighthouse failed for University of Chichester (https://www.chi.ac.uk) on mobile: Runtime error encountered: Lighthouse was unable to reliably load the URL you requested because the page stopped responding.

2025-06-21 23:23:21,501 - INFO - Testing Teesside University (https://www.tees.ac.uk) on mobile
2025-06-21 23:23:21,504 - WARNING - ❌ Failed University of Chichester (mobile) - 199/260
2025-06-21 23:23:26,994 - ERROR - Lighthouse failed for University of Chichester (https://www.chi.ac.uk) on desktop: Runtime error encountered: Lighthouse was unable to reliably load the URL you requested because the page stopped responding.

2025-06-21 23:23:26,995 - INFO - Testing Teesside University (https://www.tees.ac.uk) on desktop
2025-06-21 23:23:27,024 - ERROR - Error running Lighthouse for Edge Hill University (https://www.edgehill.ac.uk) on mobile: unsupported operand type(s) for *: 'NoneType' and 'int'
2025-06-21 23:23:27,042 - WARNING - ❌ Failed University of Chichester (desktop) - 200/260
2025-06-21 23:23:27,042 - INFO - Testing University of Sunderland (https://www.sunderland.ac.uk) on mobile
2025-06-21 23:23:27,043 - WARNING - ❌ Failed Edge Hill University (mobile) - 201/260
2025-06-21 23:23:34,086 - ERROR - Error running Lighthouse for Edge Hill University (https://www.edgehill.ac.uk) on desktop: unsupported operand type(s) for *: 'NoneType' and 'int'
2025-06-21 23:23:34,088 - INFO - Testing University of Sunderland (https://www.sunderland.ac.uk) on desktop
2025-06-21 23:23:34,123 - WARNING - ❌ Failed Edge Hill University (desktop) - 202/260
2025-06-21 23:23:52,379 - ERROR - Lighthouse test timed out for York St John University (https://www.yorksj.ac.uk) on mobile
2025-06-21 23:23:52,379 - INFO - Testing Open University (https://www.open.ac.uk) on mobile
2025-06-21 23:23:52,427 - WARNING - ❌ Failed York St John University (mobile) - 203/260
2025-06-21 23:23:58,488 - ERROR - Lighthouse test timed out for York St John University (https://www.yorksj.ac.uk) on desktop
2025-06-21 23:23:58,493 - INFO - Testing Open University (https://www.open.ac.uk) on desktop
2025-06-21 23:23:58,573 - WARNING - ❌ Failed York St John University (desktop) - 204/260
2025-06-21 23:24:02,940 - ERROR - Lighthouse test timed out for Leeds Trinity University (https://www.leedstrinity.ac.uk) on mobile
2025-06-21 23:24:02,942 - INFO - Testing Buckinghamshire New University (https://www.bnu.ac.uk) on mobile
2025-06-21 23:24:02,947 - WARNING - ❌ Failed Leeds Trinity University (mobile) - 205/260
2025-06-21 23:24:20,162 - ERROR - Lighthouse test timed out for Leeds Trinity University (https://www.leedstrinity.ac.uk) on desktop
2025-06-21 23:24:20,163 - INFO - Testing Buckinghamshire New University (https://www.bnu.ac.uk) on desktop
2025-06-21 23:24:20,226 - WARNING - ❌ Failed Leeds Trinity University (desktop) - 206/260
2025-06-21 23:24:22,392 - ERROR - Error running Lighthouse for University of Northampton (https://www.northampton.ac.uk) on mobile: unsupported operand type(s) for *: 'NoneType' and 'int'
2025-06-21 23:24:22,413 - INFO - Testing University of Bolton (https://www.bolton.ac.uk) on mobile
2025-06-21 23:24:22,459 - WARNING - ❌ Failed University of Northampton (mobile) - 207/260
2025-06-21 23:24:22,922 - ERROR - Lighthouse test timed out for University of Northampton (https://www.northampton.ac.uk) on desktop
2025-06-21 23:24:22,925 - INFO - Testing University of Bolton (https://www.bolton.ac.uk) on desktop
2025-06-21 23:24:22,928 - WARNING - ❌ Failed University of Northampton (desktop) - 208/260
2025-06-21 23:24:29,192 - ERROR - Lighthouse failed for Solent University (https://www.solent.ac.uk) on desktop: Runtime error encountered: Lighthouse was unable to reliably load the URL you requested because the page stopped responding.

2025-06-21 23:24:29,193 - INFO - Testing Newman University (https://www.newman.ac.uk) on mobile
2025-06-21 23:24:29,272 - WARNING - ❌ Failed Solent University (desktop) - 209/260
2025-06-21 23:25:02,649 - ERROR - Lighthouse failed for Teesside University (https://www.tees.ac.uk) on mobile: Runtime error encountered: Lighthouse was unable to reliably load the URL you requested because the page stopped responding.

2025-06-21 23:25:02,650 - INFO - Testing Newman University (https://www.newman.ac.uk) on desktop
2025-06-21 23:25:02,651 - WARNING - ❌ Failed Teesside University (mobile) - 210/260
2025-06-21 23:25:25,980 - ERROR - Lighthouse failed for University of Sunderland (https://www.sunderland.ac.uk) on mobile: Runtime error encountered: Lighthouse was unable to reliably load the URL you requested because the page stopped responding.

2025-06-21 23:25:25,982 - INFO - Testing Bishop Grosseteste University (https://www.bishopg.ac.uk) on mobile
2025-06-21 23:25:25,984 - WARNING - ❌ Failed University of Sunderland (mobile) - 211/260
2025-06-21 23:25:35,734 - ERROR - Lighthouse failed for University of Sunderland (https://www.sunderland.ac.uk) on desktop: Runtime error encountered: Lighthouse was unable to reliably load the URL you requested because the page stopped responding.

2025-06-21 23:25:35,735 - INFO - Testing Bishop Grosseteste University (https://www.bishopg.ac.uk) on desktop
2025-06-21 23:25:35,793 - WARNING - ❌ Failed University of Sunderland (desktop) - 212/260
2025-06-21 23:25:45,386 - ERROR - Lighthouse test timed out for Solent University (https://www.solent.ac.uk) on mobile
2025-06-21 23:25:45,389 - INFO - Testing University College Birmingham (https://www.ucb.ac.uk) on mobile
2025-06-21 23:25:45,390 - WARNING - ❌ Failed Solent University (mobile) - 213/260
2025-06-21 23:25:48,746 - ERROR - Lighthouse failed for Open University (https://www.open.ac.uk) on mobile: Runtime error encountered: Lighthouse was unable to reliably load the URL you requested because the page stopped responding.

2025-06-21 23:25:48,747 - INFO - Testing University College Birmingham (https://www.ucb.ac.uk) on desktop
2025-06-21 23:25:48,801 - WARNING - ❌ Failed Open University (mobile) - 214/260
2025-06-21 23:26:05,666 - ERROR - Lighthouse failed for Buckinghamshire New University (https://www.bnu.ac.uk) on mobile: Runtime error encountered: Lighthouse was unable to reliably load the URL you requested because the page stopped responding.

2025-06-21 23:26:05,669 - INFO - Testing Falmouth University (https://www.falmouth.ac.uk) on mobile
2025-06-21 23:26:05,670 - WARNING - ❌ Failed Buckinghamshire New University (mobile) - 215/260
2025-06-21 23:26:14,100 - ERROR - Lighthouse failed for Bishop Grosseteste University (https://www.bishopg.ac.uk) on mobile: Runtime error encountered: The URL you have provided does not have a valid security certificate. net::ERR_CERT_COMMON_NAME_INVALID

2025-06-21 23:26:14,101 - INFO - Testing Falmouth University (https://www.falmouth.ac.uk) on desktop
2025-06-21 23:26:14,102 - WARNING - ❌ Failed Bishop Grosseteste University (mobile) - 216/260
2025-06-21 23:26:21,010 - ERROR - Lighthouse failed for University of Bolton (https://www.bolton.ac.uk) on mobile: Runtime error encountered: Lighthouse was unable to reliably load the URL you requested because the page stopped responding.

2025-06-21 23:26:21,011 - INFO - Testing Arts University Bournemouth (https://www.aub.ac.uk) on mobile
2025-06-21 23:26:21,015 - WARNING - ❌ Failed University of Bolton (mobile) - 217/260
2025-06-21 23:26:21,437 - ERROR - Lighthouse failed for Bishop Grosseteste University (https://www.bishopg.ac.uk) on desktop: Runtime error encountered: The URL you have provided does not have a valid security certificate. net::ERR_CERT_COMMON_NAME_INVALID

2025-06-21 23:26:21,438 - INFO - Testing Arts University Bournemouth (https://www.aub.ac.uk) on desktop
2025-06-21 23:26:21,508 - WARNING - ❌ Failed Bishop Grosseteste University (desktop) - 218/260
2025-06-21 23:26:21,900 - ERROR - Lighthouse failed for University of Bolton (https://www.bolton.ac.uk) on desktop: Runtime error encountered: Lighthouse was unable to reliably load the URL you requested because the page stopped responding.

2025-06-21 23:26:21,906 - INFO - Testing University for the Creative Arts (https://www.uca.ac.uk) on mobile
2025-06-21 23:26:21,992 - WARNING - ❌ Failed University of Bolton (desktop) - 219/260
2025-06-21 23:26:22,424 - ERROR - Lighthouse failed for Buckinghamshire New University (https://www.bnu.ac.uk) on desktop: Runtime error encountered: Lighthouse was unable to reliably load the URL you requested because the page stopped responding.

2025-06-21 23:26:22,424 - INFO - Testing University for the Creative Arts (https://www.uca.ac.uk) on desktop
2025-06-21 23:26:22,485 - WARNING - ❌ Failed Buckinghamshire New University (desktop) - 220/260
2025-06-21 23:26:27,316 - ERROR - Lighthouse test timed out for Teesside University (https://www.tees.ac.uk) on desktop
2025-06-21 23:26:27,317 - INFO - Testing Norwich University of the Arts (https://www.nua.ac.uk) on mobile
2025-06-21 23:26:27,349 - WARNING - ❌ Failed Teesside University (desktop) - 221/260
2025-06-21 23:26:58,331 - ERROR - Error running Lighthouse for Open University (https://www.open.ac.uk) on desktop: unsupported operand type(s) for *: 'NoneType' and 'int'
2025-06-21 23:26:58,335 - INFO - Testing Norwich University of the Arts (https://www.nua.ac.uk) on desktop
2025-06-21 23:26:58,386 - WARNING - ❌ Failed Open University (desktop) - 222/260
2025-06-21 23:27:22,145 - ERROR - Error running Lighthouse for Newman University (https://www.newman.ac.uk) on mobile: unsupported operand type(s) for *: 'NoneType' and 'int'
2025-06-21 23:27:22,169 - INFO - Testing Leeds Arts University (https://www.leeds-art.ac.uk) on mobile
2025-06-21 23:27:22,177 - WARNING - ❌ Failed Newman University (mobile) - 223/260
2025-06-21 23:27:45,163 - ERROR - Lighthouse failed for University College Birmingham (https://www.ucb.ac.uk) on mobile: Runtime error encountered: Lighthouse was unable to reliably load the URL you requested because the page stopped responding.

2025-06-21 23:27:45,164 - INFO - Testing Leeds Arts University (https://www.leeds-art.ac.uk) on desktop
2025-06-21 23:27:45,165 - WARNING - ❌ Failed University College Birmingham (mobile) - 224/260
2025-06-21 23:27:46,573 - ERROR - Lighthouse failed for University College Birmingham (https://www.ucb.ac.uk) on desktop: Runtime error encountered: Lighthouse was unable to reliably load the URL you requested because the page stopped responding.

2025-06-21 23:27:46,576 - INFO - Testing Rose Bruford College (https://www.bruford.ac.uk) on mobile
2025-06-21 23:27:46,578 - WARNING - ❌ Failed University College Birmingham (desktop) - 225/260
2025-06-21 23:28:00,692 - INFO - ✅ Completed Newman University (desktop) - 226/260
2025-06-21 23:28:00,677 - INFO - Testing Rose Bruford College (https://www.bruford.ac.uk) on desktop
2025-06-21 23:28:20,007 - ERROR - Lighthouse failed for Falmouth University (https://www.falmouth.ac.uk) on desktop: Runtime error encountered: Lighthouse was unable to reliably load the URL you requested because the page stopped responding.

2025-06-21 23:28:20,008 - INFO - Testing Royal College of Art (https://www.rca.ac.uk) on mobile
2025-06-21 23:28:20,075 - WARNING - ❌ Failed Falmouth University (desktop) - 227/260
2025-06-21 23:28:22,178 - ERROR - Lighthouse failed for Arts University Bournemouth (https://www.aub.ac.uk) on mobile: Runtime error encountered: Lighthouse was unable to reliably load the URL you requested because the page stopped responding.

2025-06-21 23:28:22,178 - INFO - Testing Royal College of Art (https://www.rca.ac.uk) on desktop
2025-06-21 23:28:22,221 - ERROR - Lighthouse failed for Arts University Bournemouth (https://www.aub.ac.uk) on desktop: Runtime error encountered: Lighthouse was unable to reliably load the URL you requested because the page stopped responding.

2025-06-21 23:28:22,222 - INFO - Testing Ravensbourne University London (https://www.ravensbourne.ac.uk) on mobile
2025-06-21 23:28:22,300 - WARNING - ❌ Failed Arts University Bournemouth (mobile) - 228/260
2025-06-21 23:28:22,301 - WARNING - ❌ Failed Arts University Bournemouth (desktop) - 229/260
2025-06-21 23:28:24,150 - ERROR - Lighthouse failed for University for the Creative Arts (https://www.uca.ac.uk) on desktop: Runtime error encountered: Lighthouse was unable to reliably load the URL you requested because the page stopped responding.

2025-06-21 23:28:24,151 - INFO - Testing Ravensbourne University London (https://www.ravensbourne.ac.uk) on desktop
2025-06-21 23:28:24,229 - WARNING - ❌ Failed University for the Creative Arts (desktop) - 230/260
2025-06-21 23:29:06,436 - ERROR - Lighthouse test timed out for Falmouth University (https://www.falmouth.ac.uk) on mobile
2025-06-21 23:29:06,438 - INFO - Testing Regent's University London (https://www.regents.ac.uk) on mobile
2025-06-21 23:29:06,537 - WARNING - ❌ Failed Falmouth University (mobile) - 231/260
2025-06-21 23:29:15,559 - ERROR - Lighthouse failed for Norwich University of the Arts (https://www.nua.ac.uk) on mobile: Runtime error encountered: The page did not paint any content. Please ensure you keep the browser window in the foreground during the load and try again. (NO_FCP)

2025-06-21 23:29:15,567 - INFO - Testing Regent's University London (https://www.regents.ac.uk) on desktop
2025-06-21 23:29:15,657 - WARNING - ❌ Failed Norwich University of the Arts (mobile) - 232/260
2025-06-21 23:29:22,506 - ERROR - Lighthouse test timed out for University for the Creative Arts (https://www.uca.ac.uk) on mobile
2025-06-21 23:29:22,506 - INFO - Testing BPP University (https://www.bpp.com) on mobile
2025-06-21 23:29:22,584 - WARNING - ❌ Failed University for the Creative Arts (mobile) - 233/260
2025-06-21 23:29:31,545 - ERROR - Lighthouse failed for Leeds Arts University (https://www.leeds-art.ac.uk) on mobile: Runtime error encountered: Lighthouse was unable to reliably load the URL you requested because the page stopped responding.

2025-06-21 23:29:31,550 - INFO - Testing BPP University (https://www.bpp.com) on desktop
2025-06-21 23:29:31,629 - WARNING - ❌ Failed Leeds Arts University (mobile) - 234/260
2025-06-21 23:29:58,037 - ERROR - Lighthouse failed for Leeds Arts University (https://www.leeds-art.ac.uk) on desktop: Runtime error encountered: Lighthouse was unable to reliably load the URL you requested because the page stopped responding.

2025-06-21 23:29:58,039 - INFO - Testing University of Law (https://www.law.ac.uk) on mobile
2025-06-21 23:29:58,119 - WARNING - ❌ Failed Leeds Arts University (desktop) - 235/260
2025-06-21 23:29:58,736 - ERROR - Lighthouse test timed out for Norwich University of the Arts (https://www.nua.ac.uk) on desktop
2025-06-21 23:29:58,736 - INFO - Testing University of Law (https://www.law.ac.uk) on desktop
2025-06-21 23:29:58,812 - WARNING - ❌ Failed Norwich University of the Arts (desktop) - 236/260
2025-06-21 23:30:02,038 - ERROR - Lighthouse failed for Rose Bruford College (https://www.bruford.ac.uk) on mobile: Runtime error encountered: Lighthouse was unable to reliably load the URL you requested because the page stopped responding.

2025-06-21 23:30:02,045 - INFO - Testing Arden University (https://www.arden.ac.uk) on mobile
2025-06-21 23:30:02,047 - WARNING - ❌ Failed Rose Bruford College (mobile) - 237/260
2025-06-21 23:30:12,085 - ERROR - Lighthouse failed for Rose Bruford College (https://www.bruford.ac.uk) on desktop: Runtime error encountered: Lighthouse was unable to reliably load the URL you requested because the page stopped responding.

2025-06-21 23:30:12,085 - INFO - Testing Arden University (https://www.arden.ac.uk) on desktop
2025-06-21 23:30:12,086 - WARNING - ❌ Failed Rose Bruford College (desktop) - 238/260
2025-06-21 23:30:18,657 - ERROR - Lighthouse failed for Ravensbourne University London (https://www.ravensbourne.ac.uk) on desktop: Runtime error encountered: Lighthouse was unable to reliably load the URL you requested because the page stopped responding.

2025-06-21 23:30:18,660 - INFO - Testing Harper Adams University (https://www.harper-adams.ac.uk) on mobile
2025-06-21 23:30:18,693 - WARNING - ❌ Failed Ravensbourne University London (desktop) - 239/260
2025-06-21 23:30:29,704 - ERROR - Lighthouse failed for Ravensbourne University London (https://www.ravensbourne.ac.uk) on mobile: Runtime error encountered: Lighthouse was unable to reliably load the URL you requested because the page stopped responding.

2025-06-21 23:30:29,704 - INFO - Testing Harper Adams University (https://www.harper-adams.ac.uk) on desktop
2025-06-21 23:30:29,763 - WARNING - ❌ Failed Ravensbourne University London (mobile) - 240/260
2025-06-21 23:30:50,021 - ERROR - Lighthouse failed for BPP University (https://www.bpp.com) on mobile: Unhandled Rejection. Reason: Error: Protocol error (Runtime.evaluate): Protocol error (Runtime.evaluate): Promise was collected

2025-06-21 23:30:50,021 - INFO - Testing Writtle University College (https://www.writtle.ac.uk) on mobile
2025-06-21 23:30:50,089 - WARNING - ❌ Failed BPP University (mobile) - 241/260
2025-06-21 23:31:00,643 - ERROR - Lighthouse failed for BPP University (https://www.bpp.com) on desktop: Unhandled Rejection. Reason: Error: Protocol error (Runtime.evaluate): Protocol error (Runtime.evaluate): Promise was collected

2025-06-21 23:31:00,643 - INFO - Testing Writtle University College (https://www.writtle.ac.uk) on desktop
2025-06-21 23:31:00,705 - WARNING - ❌ Failed BPP University (desktop) - 242/260
2025-06-21 23:31:08,607 - ERROR - Lighthouse failed for Regent's University London (https://www.regents.ac.uk) on mobile: Runtime error encountered: Lighthouse was unable to reliably load the URL you requested because the page stopped responding.

2025-06-21 23:31:08,607 - INFO - Testing Royal Agricultural University (https://www.rau.ac.uk) on mobile
2025-06-21 23:31:08,660 - WARNING - ❌ Failed Regent's University London (mobile) - 243/260
2025-06-21 23:31:08,966 - INFO - Testing Royal Agricultural University (https://www.rau.ac.uk) on desktop
2025-06-21 23:31:09,051 - INFO - ✅ Completed Royal College of Art (mobile) - 244/260
2025-06-21 23:31:09,832 - INFO - Testing Hartpury University (https://www.hartpury.ac.uk) on mobile
2025-06-21 23:31:09,833 - INFO - ✅ Completed Royal College of Art (desktop) - 245/260
2025-06-21 23:31:44,690 - ERROR - Lighthouse failed for Writtle University College (https://www.writtle.ac.uk) on mobile: Runtime error encountered: The URL you have provided does not have a valid security certificate. net::ERR_CERT_COMMON_NAME_INVALID

2025-06-21 23:31:44,694 - INFO - Testing Hartpury University (https://www.hartpury.ac.uk) on desktop
2025-06-21 23:31:44,699 - WARNING - ❌ Failed Writtle University College (mobile) - 246/260
2025-06-21 23:31:54,917 - ERROR - Lighthouse failed for Writtle University College (https://www.writtle.ac.uk) on desktop: Runtime error encountered: The URL you have provided does not have a valid security certificate. net::ERR_CERT_COMMON_NAME_INVALID

2025-06-21 23:31:54,917 - INFO - Testing Reaseheath University Centre (https://www.reaseheath.ac.uk) on mobile
2025-06-21 23:31:54,980 - WARNING - ❌ Failed Writtle University College (desktop) - 247/260
2025-06-21 23:32:09,282 - ERROR - Lighthouse failed for Arden University (https://www.arden.ac.uk) on mobile: Runtime error encountered: Lighthouse was unable to reliably load the URL you requested because the page stopped responding.

2025-06-21 23:32:09,289 - INFO - Testing Reaseheath University Centre (https://www.reaseheath.ac.uk) on desktop
2025-06-21 23:32:09,336 - WARNING - ❌ Failed Arden University (mobile) - 248/260
2025-06-21 23:32:16,122 - ERROR - Lighthouse test timed out for Regent's University London (https://www.regents.ac.uk) on desktop
2025-06-21 23:32:16,131 - WARNING - ❌ Failed Regent's University London (desktop) - 249/260
2025-06-21 23:32:17,470 - ERROR - Lighthouse failed for Arden University (https://www.arden.ac.uk) on desktop: Runtime error encountered: Lighthouse was unable to reliably load the URL you requested because the page stopped responding.

2025-06-21 23:32:17,485 - WARNING - ❌ Failed Arden University (desktop) - 250/260
2025-06-21 23:32:49,349 - ERROR - Lighthouse failed for Harper Adams University (https://www.harper-adams.ac.uk) on mobile: Runtime error encountered: Lighthouse was unable to reliably load the URL you requested because the page stopped responding.

2025-06-21 23:32:49,362 - WARNING - ❌ Failed Harper Adams University (mobile) - 251/260
2025-06-21 23:32:58,776 - ERROR - Lighthouse test timed out for University of Law (https://www.law.ac.uk) on mobile
2025-06-21 23:32:58,781 - WARNING - ❌ Failed University of Law (mobile) - 252/260
2025-06-21 23:32:59,439 - ERROR - Lighthouse test timed out for University of Law (https://www.law.ac.uk) on desktop
2025-06-21 23:32:59,446 - WARNING - ❌ Failed University of Law (desktop) - 253/260
2025-06-21 23:33:04,717 - ERROR - Lighthouse failed for Harper Adams University (https://www.harper-adams.ac.uk) on desktop: Runtime error encountered: Lighthouse was unable to reliably load the URL you requested because the page stopped responding.

2025-06-21 23:33:04,718 - WARNING - ❌ Failed Harper Adams University (desktop) - 254/260
2025-06-21 23:34:09,136 - ERROR - Lighthouse test timed out for Royal Agricultural University (https://www.rau.ac.uk) on mobile
2025-06-21 23:34:09,139 - WARNING - ❌ Failed Royal Agricultural University (mobile) - 255/260
2025-06-21 23:34:09,600 - ERROR - Lighthouse test timed out for Royal Agricultural University (https://www.rau.ac.uk) on desktop
2025-06-21 23:34:09,603 - WARNING - ❌ Failed Royal Agricultural University (desktop) - 256/260
2025-06-21 23:34:10,366 - ERROR - Lighthouse test timed out for Hartpury University (https://www.hartpury.ac.uk) on mobile
2025-06-21 23:34:10,368 - WARNING - ❌ Failed Hartpury University (mobile) - 257/260
2025-06-21 23:34:33,476 - ERROR - Error running Lighthouse for Hartpury University (https://www.hartpury.ac.uk) on desktop: unsupported operand type(s) for *: 'NoneType' and 'int'
2025-06-21 23:34:33,479 - WARNING - ❌ Failed Hartpury University (desktop) - 258/260
2025-06-21 23:34:55,314 - ERROR - Lighthouse test timed out for Reaseheath University Centre (https://www.reaseheath.ac.uk) on mobile
2025-06-21 23:34:55,314 - WARNING - ❌ Failed Reaseheath University Centre (mobile) - 259/260
2025-06-21 23:34:58,058 - ERROR - Error running Lighthouse for Reaseheath University Centre (https://www.reaseheath.ac.uk) on desktop: unsupported operand type(s) for *: 'NoneType' and 'int'
2025-06-21 23:34:58,061 - WARNING - ❌ Failed Reaseheath University Centre (desktop) - 260/260
2025-06-21 23:34:58,070 - INFO - Completed all tests. 81 successful results out of 260 total tests
2025-06-21 23:34:58,089 - INFO - Results saved to lighthouse_results/lighthouse_results_2025-06-21.json
2025-06-21 23:34:58,093 - INFO - Generating dashboard...
2025-06-21 23:34:58,098 - INFO - Dashboard generated at docs/index.html
2025-06-21 23:34:58,099 - INFO - All tasks completed successfully!
