2025-10-09 21:04:28,300 - INFO - Loaded 50 sites from universities_top50.json
2025-10-09 21:04:28,301 - INFO - Starting Lighthouse tests with retry logic...
2025-10-09 21:04:28,301 - INFO - Running 100 tests (50 sites × 2 devices) with 16 workers
2025-10-09 21:04:28,301 - INFO - Max retries: 2
2025-10-09 21:04:28,301 - INFO - Estimated time: 6.2 minutes
2025-10-09 21:04:28,384 - INFO - Testing University of Oxford (https://www.ox.ac.uk) on mobile
2025-10-09 21:04:28,384 - INFO - Testing University of Oxford (https://www.ox.ac.uk) on desktop
2025-10-09 21:04:28,385 - INFO - Testing University of Cambridge (https://www.cam.ac.uk) on mobile
2025-10-09 21:04:28,385 - INFO - Testing University of Cambridge (https://www.cam.ac.uk) on desktop
2025-10-09 21:04:28,388 - INFO - Testing Imperial College London (https://www.imperial.ac.uk) on mobile
2025-10-09 21:04:28,390 - INFO - Testing Imperial College London (https://www.imperial.ac.uk) on desktop
2025-10-09 21:04:28,397 - INFO - Testing London School of Economics and Political Science (https://www.lse.ac.uk) on mobile
2025-10-09 21:04:28,405 - INFO - Testing London School of Economics and Political Science (https://www.lse.ac.uk) on desktop
2025-10-09 21:04:28,411 - INFO - Testing University College London (https://www.ucl.ac.uk) on mobile
2025-10-09 21:04:28,415 - INFO - Testing University College London (https://www.ucl.ac.uk) on desktop
2025-10-09 21:04:28,421 - INFO - Testing King's College London (https://www.kcl.ac.uk) on mobile
2025-10-09 21:04:28,423 - INFO - Testing King's College London (https://www.kcl.ac.uk) on desktop
2025-10-09 21:04:28,434 - INFO - Testing University of Edinburgh (https://www.ed.ac.uk) on desktop
2025-10-09 21:04:28,430 - INFO - Testing University of Edinburgh (https://www.ed.ac.uk) on mobile
2025-10-09 21:04:28,436 - INFO - Testing University of Manchester (https://www.manchester.ac.uk) on mobile
2025-10-09 21:04:28,436 - INFO - Testing University of Manchester (https://www.manchester.ac.uk) on desktop
2025-10-09 21:05:34,274 - INFO - Testing University of Warwick (https://www.warwick.ac.uk) on mobile
2025-10-09 21:05:34,276 - INFO - ✅ [1/100] University of Edinburgh (mobile) - ETA: 108.9m
2025-10-09 21:05:35,027 - INFO - Testing University of Warwick (https://www.warwick.ac.uk) on desktop
2025-10-09 21:05:35,027 - INFO - ✅ [2/100] University of Edinburgh (desktop) - ETA: 54.5m
2025-10-09 21:05:39,186 - INFO - Testing University of Glasgow (https://www.gla.ac.uk) on mobile
2025-10-09 21:05:39,195 - INFO - ✅ [3/100] University College London (desktop) - ETA: 38.2m
2025-10-09 21:05:39,197 - INFO - Testing University of Glasgow (https://www.gla.ac.uk) on desktop
2025-10-09 21:05:39,198 - INFO - ✅ [4/100] University College London (mobile) - ETA: 28.4m
2025-10-09 21:05:39,378 - INFO - Testing University of Southampton (https://www.southampton.ac.uk) on mobile
2025-10-09 21:05:39,385 - INFO - ✅ [5/100] University of Cambridge (desktop) - ETA: 22.5m
2025-10-09 21:05:40,789 - INFO - Testing University of Southampton (https://www.southampton.ac.uk) on desktop
2025-10-09 21:05:40,794 - INFO - ✅ [6/100] University of Cambridge (mobile) - ETA: 18.9m
2025-10-09 21:05:51,504 - INFO - Testing University of Birmingham (https://www.birmingham.ac.uk) on mobile
2025-10-09 21:05:51,527 - INFO - ✅ [7/100] Imperial College London (desktop) - ETA: 18.4m
2025-10-09 21:05:54,494 - INFO - Testing University of Birmingham (https://www.birmingham.ac.uk) on desktop
2025-10-09 21:05:54,498 - INFO - ✅ [8/100] King's College London (mobile) - ETA: 16.5m
2025-10-09 21:05:55,163 - INFO - Testing University of Leeds (https://www.leeds.ac.uk) on mobile
2025-10-09 21:05:55,167 - INFO - ✅ [9/100] Imperial College London (mobile) - ETA: 14.6m
2025-10-09 21:05:56,241 - INFO - Testing University of Leeds (https://www.leeds.ac.uk) on desktop
2025-10-09 21:05:56,263 - INFO - ✅ [10/100] King's College London (desktop) - ETA: 13.2m
2025-10-09 21:06:03,091 - INFO - Testing University of Sheffield (https://www.sheffield.ac.uk) on mobile
2025-10-09 21:06:03,091 - INFO - ✅ [11/100] University of Oxford (desktop) - ETA: 12.8m
2025-10-09 21:06:08,999 - INFO - Testing University of Sheffield (https://www.sheffield.ac.uk) on desktop
2025-10-09 21:06:09,016 - INFO - ✅ [12/100] University of Oxford (mobile) - ETA: 12.3m
2025-10-09 21:06:28,770 - ERROR - Lighthouse test timed out for University of Manchester (https://www.manchester.ac.uk) on mobile
2025-10-09 21:06:28,770 - INFO - Testing University of Nottingham (https://www.nottingham.ac.uk) on mobile
2025-10-09 21:06:28,790 - WARNING - ❌ [13/100] University of Manchester (mobile) FAILED - will retry
2025-10-09 21:06:28,845 - ERROR - Lighthouse test timed out for University of Manchester (https://www.manchester.ac.uk) on desktop
2025-10-09 21:06:28,846 - INFO - Testing University of Nottingham (https://www.nottingham.ac.uk) on desktop
2025-10-09 21:06:28,866 - ERROR - Lighthouse test timed out for London School of Economics and Political Science (https://www.lse.ac.uk) on desktop
2025-10-09 21:06:28,867 - INFO - Testing Queen Mary University of London (https://www.qmul.ac.uk) on mobile
2025-10-09 21:06:28,894 - WARNING - ❌ [14/100] University of Manchester (desktop) FAILED - will retry
2025-10-09 21:06:28,895 - WARNING - ❌ [15/100] London School of Economics and Political Science (desktop) FAILED - will retry
2025-10-09 21:06:28,895 - ERROR - Lighthouse test timed out for London School of Economics and Political Science (https://www.lse.ac.uk) on mobile
2025-10-09 21:06:28,896 - INFO - Testing Queen Mary University of London (https://www.qmul.ac.uk) on desktop
2025-10-09 21:06:28,910 - WARNING - ❌ [16/100] London School of Economics and Political Science (mobile) FAILED - will retry
2025-10-09 21:07:06,263 - INFO - Testing Lancaster University (https://www.lancaster.ac.uk) on mobile
2025-10-09 21:07:06,283 - INFO - ✅ [17/100] University of Leeds (desktop) - ETA: 12.9m
2025-10-09 21:07:09,126 - INFO - Testing Lancaster University (https://www.lancaster.ac.uk) on desktop
2025-10-09 21:07:09,142 - INFO - ✅ [18/100] University of Leeds (mobile) - ETA: 12.2m
2025-10-09 21:07:15,146 - INFO - ✅ [19/100] University of Birmingham (mobile) - ETA: 11.9m
2025-10-09 21:07:15,146 - INFO - Testing University of Exeter (https://www.exeter.ac.uk) on mobile
2025-10-09 21:07:17,541 - INFO - Testing University of Exeter (https://www.exeter.ac.uk) on desktop
2025-10-09 21:07:17,546 - INFO - ✅ [20/100] University of Birmingham (desktop) - ETA: 11.3m
2025-10-09 21:07:20,738 - INFO - Testing University of York (https://www.york.ac.uk) on mobile
2025-10-09 21:07:20,750 - INFO - ✅ [21/100] University of Glasgow (desktop) - ETA: 10.8m
2025-10-09 21:07:22,830 - INFO - Testing University of York (https://www.york.ac.uk) on desktop
2025-10-09 21:07:22,834 - INFO - ✅ [22/100] University of Glasgow (mobile) - ETA: 10.3m
2025-10-09 21:07:34,596 - ERROR - Lighthouse test timed out for University of Warwick (https://www.warwick.ac.uk) on mobile
2025-10-09 21:07:34,596 - INFO - Testing University of Bath (https://www.bath.ac.uk) on mobile
2025-10-09 21:07:34,608 - WARNING - ❌ [23/100] University of Warwick (mobile) FAILED - will retry
2025-10-09 21:07:34,875 - INFO - Testing University of Bath (https://www.bath.ac.uk) on desktop
2025-10-09 21:07:34,890 - INFO - ✅ [24/100] University of Southampton (mobile) - ETA: 9.8m
2025-10-09 21:07:35,448 - ERROR - Lighthouse test timed out for University of Warwick (https://www.warwick.ac.uk) on desktop
2025-10-09 21:07:35,448 - INFO - Testing Cardiff University (https://www.cardiff.ac.uk) on mobile
2025-10-09 21:07:35,470 - WARNING - ❌ [25/100] University of Warwick (desktop) FAILED - will retry
2025-10-09 21:07:37,250 - INFO - Testing Cardiff University (https://www.cardiff.ac.uk) on desktop
2025-10-09 21:07:37,271 - INFO - ✅ [26/100] University of Sheffield (mobile) - ETA: 9.0m
2025-10-09 21:07:38,273 - INFO - Testing University of Liverpool (https://www.liverpool.ac.uk) on mobile
2025-10-09 21:07:38,312 - INFO - ✅ [27/100] University of Southampton (desktop) - ETA: 8.6m
2025-10-09 21:07:45,928 - INFO - Testing University of Liverpool (https://www.liverpool.ac.uk) on desktop
2025-10-09 21:07:45,972 - INFO - ✅ [28/100] University of Sheffield (desktop) - ETA: 8.5m
2025-10-09 21:08:14,700 - INFO - Testing University of St Andrews (https://www.st-andrews.ac.uk) on mobile
2025-10-09 21:08:14,715 - INFO - ✅ [29/100] University of Nottingham (desktop) - ETA: 9.2m
2025-10-09 21:08:21,489 - INFO - Testing University of St Andrews (https://www.st-andrews.ac.uk) on desktop
2025-10-09 21:08:21,493 - INFO - ✅ [30/100] University of Nottingham (mobile) - ETA: 9.1m
2025-10-09 21:08:29,226 - ERROR - Lighthouse test timed out for Queen Mary University of London (https://www.qmul.ac.uk) on mobile
2025-10-09 21:08:29,227 - INFO - Testing University of Newcastle (https://www.ncl.ac.uk) on mobile
2025-10-09 21:08:29,227 - WARNING - ❌ [31/100] Queen Mary University of London (mobile) FAILED - will retry
2025-10-09 21:08:29,462 - ERROR - Lighthouse test timed out for Queen Mary University of London (https://www.qmul.ac.uk) on desktop
2025-10-09 21:08:29,463 - INFO - Testing University of Newcastle (https://www.ncl.ac.uk) on desktop
2025-10-09 21:08:29,493 - WARNING - ❌ [32/100] Queen Mary University of London (desktop) FAILED - will retry
2025-10-09 21:08:29,981 - INFO - Testing University of Sussex (https://www.sussex.ac.uk) on mobile
2025-10-09 21:08:29,990 - INFO - ✅ [33/100] Lancaster University (mobile) - ETA: 8.2m
2025-10-09 21:08:40,837 - INFO - Testing University of Sussex (https://www.sussex.ac.uk) on desktop
2025-10-09 21:08:40,837 - INFO - ✅ [34/100] University of Exeter (desktop) - ETA: 8.2m
2025-10-09 21:08:42,952 - INFO - Testing University of Surrey (https://www.surrey.ac.uk) on mobile
2025-10-09 21:08:42,990 - INFO - ✅ [35/100] Lancaster University (desktop) - ETA: 7.9m
2025-10-09 21:08:46,085 - INFO - Testing University of Surrey (https://www.surrey.ac.uk) on desktop
2025-10-09 21:08:46,089 - INFO - ✅ [36/100] University of Exeter (mobile) - ETA: 7.6m
2025-10-09 21:09:08,430 - INFO - Testing Queen's University Belfast (https://www.qub.ac.uk) on mobile
2025-10-09 21:09:08,430 - INFO - ✅ [37/100] Cardiff University (mobile) - ETA: 7.9m
2025-10-09 21:09:10,253 - INFO - Testing Queen's University Belfast (https://www.qub.ac.uk) on desktop
2025-10-09 21:09:10,261 - INFO - ✅ [38/100] Cardiff University (desktop) - ETA: 7.7m
2025-10-09 21:09:15,149 - INFO - Testing University of Aberdeen (https://www.abdn.ac.uk) on mobile
2025-10-09 21:09:15,166 - INFO - ✅ [39/100] University of Bath (desktop) - ETA: 7.5m
2025-10-09 21:09:15,169 - INFO - Testing University of Aberdeen (https://www.abdn.ac.uk) on desktop
2025-10-09 21:09:15,182 - INFO - ✅ [40/100] University of Liverpool (mobile) - ETA: 7.2m
2025-10-09 21:09:21,219 - ERROR - Lighthouse test timed out for University of York (https://www.york.ac.uk) on mobile
2025-10-09 21:09:21,219 - INFO - Testing University of Dundee (https://www.dundee.ac.uk) on mobile
2025-10-09 21:09:21,262 - WARNING - ❌ [41/100] University of York (mobile) FAILED - will retry
2025-10-09 21:09:23,429 - ERROR - Lighthouse test timed out for University of York (https://www.york.ac.uk) on desktop
2025-10-09 21:09:23,429 - INFO - Testing University of Dundee (https://www.dundee.ac.uk) on desktop
2025-10-09 21:09:23,457 - WARNING - ❌ [42/100] University of York (desktop) FAILED - will retry
2025-10-09 21:09:25,894 - INFO - Testing Heriot-Watt University (https://www.hw.ac.uk) on mobile
2025-10-09 21:09:25,912 - INFO - ✅ [43/100] University of Liverpool (desktop) - ETA: 6.6m
2025-10-09 21:09:26,433 - INFO - Testing Heriot-Watt University (https://www.hw.ac.uk) on desktop
2025-10-09 21:09:26,433 - INFO - ✅ [44/100] University of Bath (mobile) - ETA: 6.3m
2025-10-09 21:09:36,793 - INFO - Testing University of Strathclyde (https://www.strath.ac.uk) on mobile
2025-10-09 21:09:36,814 - INFO - ✅ [45/100] University of Sussex (mobile) - ETA: 6.3m
2025-10-09 21:09:47,527 - INFO - Testing University of Strathclyde (https://www.strath.ac.uk) on desktop
2025-10-09 21:09:47,534 - INFO - ✅ [46/100] University of Sussex (desktop) - ETA: 6.2m
2025-10-09 21:10:07,443 - INFO - Testing University of Reading (https://www.reading.ac.uk) on mobile
2025-10-09 21:10:07,457 - INFO - ✅ [47/100] University of Surrey (mobile) - ETA: 6.4m
2025-10-09 21:10:13,089 - INFO - Testing University of Reading (https://www.reading.ac.uk) on desktop
2025-10-09 21:10:13,139 - INFO - ✅ [48/100] University of Surrey (desktop) - ETA: 6.2m
2025-10-09 21:10:15,085 - ERROR - Lighthouse test timed out for University of St Andrews (https://www.st-andrews.ac.uk) on mobile
2025-10-09 21:10:15,085 - INFO - Testing Loughborough University (https://www.lboro.ac.uk) on mobile
2025-10-09 21:10:15,104 - WARNING - ❌ [49/100] University of St Andrews (mobile) FAILED - will retry
2025-10-09 21:10:21,870 - ERROR - Lighthouse test timed out for University of St Andrews (https://www.st-andrews.ac.uk) on desktop
2025-10-09 21:10:21,872 - INFO - Testing Loughborough University (https://www.lboro.ac.uk) on desktop
2025-10-09 21:10:21,874 - WARNING - ❌ [50/100] University of St Andrews (desktop) FAILED - will retry
2025-10-09 21:10:29,838 - ERROR - Lighthouse test timed out for University of Newcastle (https://www.ncl.ac.uk) on mobile
2025-10-09 21:10:29,839 - INFO - Testing University of Leicester (https://www.le.ac.uk) on mobile
2025-10-09 21:10:29,842 - WARNING - ❌ [51/100] University of Newcastle (mobile) FAILED - will retry
2025-10-09 21:10:30,241 - ERROR - Lighthouse test timed out for University of Newcastle (https://www.ncl.ac.uk) on desktop
2025-10-09 21:10:30,241 - INFO - Testing University of Leicester (https://www.le.ac.uk) on desktop
2025-10-09 21:10:30,281 - WARNING - ❌ [52/100] University of Newcastle (desktop) FAILED - will retry
2025-10-09 21:11:05,111 - INFO - Testing Swansea University (https://www.swansea.ac.uk) on mobile
2025-10-09 21:11:05,142 - INFO - ✅ [53/100] University of Aberdeen (desktop) - ETA: 5.9m
2025-10-09 21:11:08,595 - INFO - Testing Swansea University (https://www.swansea.ac.uk) on desktop
2025-10-09 21:11:08,633 - INFO - ✅ [54/100] University of Aberdeen (mobile) - ETA: 5.7m
2025-10-09 21:11:08,829 - ERROR - Lighthouse test timed out for Queen's University Belfast (https://www.qub.ac.uk) on mobile
2025-10-09 21:11:08,829 - INFO - Testing City, University of London (https://www.city.ac.uk) on mobile
2025-10-09 21:11:08,866 - WARNING - ❌ [55/100] Queen's University Belfast (mobile) FAILED - will retry
2025-10-09 21:11:09,371 - INFO - Testing City, University of London (https://www.city.ac.uk) on desktop
2025-10-09 21:11:09,387 - INFO - ✅ [56/100] University of Dundee (desktop) - ETA: 5.3m
2025-10-09 21:11:10,047 - INFO - Testing Brunel University London (https://www.brunel.ac.uk) on mobile
2025-10-09 21:11:10,058 - INFO - ✅ [57/100] Heriot-Watt University (desktop) - ETA: 5.1m
2025-10-09 21:11:10,289 - INFO - Testing Brunel University London (https://www.brunel.ac.uk) on desktop
2025-10-09 21:11:10,291 - INFO - ✅ [58/100] Heriot-Watt University (mobile) - ETA: 4.9m
2025-10-09 21:11:10,702 - ERROR - Lighthouse test timed out for Queen's University Belfast (https://www.qub.ac.uk) on desktop
2025-10-09 21:11:10,702 - INFO - Testing Aston University (https://www.aston.ac.uk) on mobile
2025-10-09 21:11:10,729 - WARNING - ❌ [59/100] Queen's University Belfast (desktop) FAILED - will retry
2025-10-09 21:11:16,951 - INFO - Testing Aston University (https://www.aston.ac.uk) on desktop
2025-10-09 21:11:17,002 - INFO - ✅ [60/100] University of Strathclyde (mobile) - ETA: 4.5m
2025-10-09 21:11:21,711 - ERROR - Lighthouse test timed out for University of Dundee (https://www.dundee.ac.uk) on mobile
2025-10-09 21:11:21,711 - INFO - Testing University of Kent (https://www.kent.ac.uk) on mobile
2025-10-09 21:11:21,756 - WARNING - ❌ [61/100] University of Dundee (mobile) FAILED - will retry
2025-10-09 21:11:23,458 - INFO - Testing University of Kent (https://www.kent.ac.uk) on desktop
2025-10-09 21:11:23,479 - INFO - ✅ [62/100] University of Strathclyde (desktop) - ETA: 4.2m
2025-10-09 21:11:50,181 - INFO - Testing Oxford Brookes University (https://www.brookes.ac.uk) on mobile
2025-10-09 21:11:50,229 - INFO - ✅ [63/100] Loughborough University (mobile) - ETA: 4.3m
2025-10-09 21:11:58,761 - INFO - Testing Oxford Brookes University (https://www.brookes.ac.uk) on desktop
2025-10-09 21:11:58,908 - INFO - ✅ [64/100] Loughborough University (desktop) - ETA: 4.2m
2025-10-09 21:12:08,121 - ERROR - Lighthouse test timed out for University of Reading (https://www.reading.ac.uk) on mobile
2025-10-09 21:12:08,131 - INFO - Testing Goldsmiths, University of London (https://www.gold.ac.uk) on mobile
2025-10-09 21:12:08,155 - WARNING - ❌ [65/100] University of Reading (mobile) FAILED - will retry
2025-10-09 21:12:13,677 - ERROR - Lighthouse test timed out for University of Reading (https://www.reading.ac.uk) on desktop
2025-10-09 21:12:13,677 - INFO - Testing Goldsmiths, University of London (https://www.gold.ac.uk) on desktop
2025-10-09 21:12:13,715 - WARNING - ❌ [66/100] University of Reading (desktop) FAILED - will retry
2025-10-09 21:12:30,416 - ERROR - Lighthouse test timed out for University of Leicester (https://www.le.ac.uk) on mobile
2025-10-09 21:12:30,416 - INFO - Testing Royal Holloway, University of London (https://www.rhul.ac.uk) on mobile
2025-10-09 21:12:30,452 - WARNING - ❌ [67/100] University of Leicester (mobile) FAILED - will retry
2025-10-09 21:12:30,900 - ERROR - Lighthouse test timed out for University of Leicester (https://www.le.ac.uk) on desktop
2025-10-09 21:12:30,901 - INFO - Testing Royal Holloway, University of London (https://www.rhul.ac.uk) on desktop
2025-10-09 21:12:30,958 - WARNING - ❌ [68/100] University of Leicester (desktop) FAILED - will retry
2025-10-09 21:13:05,588 - ERROR - Lighthouse test timed out for Swansea University (https://www.swansea.ac.uk) on mobile
2025-10-09 21:13:05,590 - INFO - Testing Birkbeck, University of London (https://www.bbk.ac.uk) on mobile
2025-10-09 21:13:05,619 - WARNING - ❌ [69/100] Swansea University (mobile) FAILED - will retry
2025-10-09 21:13:09,191 - ERROR - Lighthouse test timed out for Swansea University (https://www.swansea.ac.uk) on desktop
2025-10-09 21:13:09,192 - INFO - Testing Birkbeck, University of London (https://www.bbk.ac.uk) on desktop
2025-10-09 21:13:09,219 - WARNING - ❌ [70/100] Swansea University (desktop) FAILED - will retry
2025-10-09 21:13:09,576 - ERROR - Lighthouse test timed out for City, University of London (https://www.city.ac.uk) on mobile
2025-10-09 21:13:09,576 - INFO - Testing University of Essex (https://www.essex.ac.uk) on mobile
2025-10-09 21:13:09,576 - WARNING - ❌ [71/100] City, University of London (mobile) FAILED - will retry
2025-10-09 21:13:10,006 - ERROR - Lighthouse test timed out for City, University of London (https://www.city.ac.uk) on desktop
2025-10-09 21:13:10,008 - INFO - Testing University of Essex (https://www.essex.ac.uk) on desktop
2025-10-09 21:13:10,052 - WARNING - ❌ [72/100] City, University of London (desktop) FAILED - will retry
2025-10-09 21:13:10,447 - ERROR - Lighthouse test timed out for Brunel University London (https://www.brunel.ac.uk) on mobile
2025-10-09 21:13:10,454 - INFO - Testing Aberystwyth University (https://www.aber.ac.uk) on mobile
2025-10-09 21:13:10,483 - WARNING - ❌ [73/100] Brunel University London (mobile) FAILED - will retry
2025-10-09 21:13:10,883 - ERROR - Lighthouse test timed out for Brunel University London (https://www.brunel.ac.uk) on desktop
2025-10-09 21:13:10,883 - INFO - Testing Aberystwyth University (https://www.aber.ac.uk) on desktop
2025-10-09 21:13:10,909 - WARNING - ❌ [74/100] Brunel University London (desktop) FAILED - will retry
2025-10-09 21:13:11,171 - ERROR - Lighthouse test timed out for Aston University (https://www.aston.ac.uk) on mobile
2025-10-09 21:13:11,171 - INFO - Testing University of Stirling (https://www.stir.ac.uk) on mobile
2025-10-09 21:13:11,192 - WARNING - ❌ [75/100] Aston University (mobile) FAILED - will retry
2025-10-09 21:13:17,371 - ERROR - Lighthouse test timed out for Aston University (https://www.aston.ac.uk) on desktop
2025-10-09 21:13:17,371 - INFO - Testing University of Stirling (https://www.stir.ac.uk) on desktop
2025-10-09 21:13:17,396 - WARNING - ❌ [76/100] Aston University (desktop) FAILED - will retry
2025-10-09 21:13:22,435 - ERROR - Lighthouse test timed out for University of Kent (https://www.kent.ac.uk) on mobile
2025-10-09 21:13:22,436 - INFO - Testing Robert Gordon University (https://www.rgu.ac.uk) on mobile
2025-10-09 21:13:22,441 - WARNING - ❌ [77/100] University of Kent (mobile) FAILED - will retry
2025-10-09 21:13:24,100 - ERROR - Lighthouse test timed out for University of Kent (https://www.kent.ac.uk) on desktop
2025-10-09 21:13:24,100 - INFO - Testing Robert Gordon University (https://www.rgu.ac.uk) on desktop
2025-10-09 21:13:24,124 - WARNING - ❌ [78/100] University of Kent (desktop) FAILED - will retry
2025-10-09 21:13:39,126 - INFO - Testing Edinburgh Napier University (https://www.napier.ac.uk) on mobile
2025-10-09 21:13:39,202 - INFO - ✅ [79/100] Oxford Brookes University (mobile) - ETA: 2.4m
2025-10-09 21:13:39,266 - INFO - Testing Edinburgh Napier University (https://www.napier.ac.uk) on desktop
2025-10-09 21:13:39,266 - INFO - ✅ [80/100] Oxford Brookes University (desktop) - ETA: 2.3m
2025-10-09 21:14:08,614 - ERROR - Lighthouse test timed out for Goldsmiths, University of London (https://www.gold.ac.uk) on mobile
2025-10-09 21:14:08,614 - INFO - Testing Northumbria University (https://www.northumbria.ac.uk) on mobile
2025-10-09 21:14:08,653 - WARNING - ❌ [81/100] Goldsmiths, University of London (mobile) FAILED - will retry
2025-10-09 21:14:14,188 - ERROR - Lighthouse test timed out for Goldsmiths, University of London (https://www.gold.ac.uk) on desktop
2025-10-09 21:14:14,192 - INFO - Testing Northumbria University (https://www.northumbria.ac.uk) on desktop
2025-10-09 21:14:14,227 - WARNING - ❌ [82/100] Goldsmiths, University of London (desktop) FAILED - will retry
2025-10-09 21:14:30,878 - ERROR - Lighthouse test timed out for Royal Holloway, University of London (https://www.rhul.ac.uk) on mobile
2025-10-09 21:14:30,879 - INFO - Testing University of Bradford (https://www.bradford.ac.uk) on mobile
2025-10-09 21:14:30,914 - WARNING - ❌ [83/100] Royal Holloway, University of London (mobile) FAILED - will retry
2025-10-09 21:14:31,453 - ERROR - Lighthouse test timed out for Royal Holloway, University of London (https://www.rhul.ac.uk) on desktop
2025-10-09 21:14:31,454 - INFO - Testing University of Bradford (https://www.bradford.ac.uk) on desktop
2025-10-09 21:14:31,489 - WARNING - ❌ [84/100] Royal Holloway, University of London (desktop) FAILED - will retry
2025-10-09 21:14:42,456 - INFO - ✅ [85/100] Birkbeck, University of London (desktop) - ETA: 1.8m
2025-10-09 21:14:44,464 - INFO - ✅ [86/100] Birkbeck, University of London (mobile) - ETA: 1.7m
2025-10-09 21:14:47,983 - INFO - ✅ [87/100] University of Stirling (mobile) - ETA: 1.5m
2025-10-09 21:15:03,256 - INFO - ✅ [88/100] Robert Gordon University (mobile) - ETA: 1.4m
2025-10-09 21:15:04,099 - INFO - ✅ [89/100] Robert Gordon University (desktop) - ETA: 1.3m
2025-10-09 21:15:04,504 - INFO - ✅ [90/100] Aberystwyth University (mobile) - ETA: 1.2m
2025-10-09 21:15:05,693 - INFO - ✅ [91/100] Aberystwyth University (desktop) - ETA: 1.1m
2025-10-09 21:15:09,104 - INFO - ✅ [92/100] Edinburgh Napier University (mobile) - ETA: 0.9m
2025-10-09 21:15:09,923 - ERROR - Lighthouse test timed out for University of Essex (https://www.essex.ac.uk) on mobile
2025-10-09 21:15:09,924 - WARNING - ❌ [93/100] University of Essex (mobile) FAILED - will retry
2025-10-09 21:15:10,366 - ERROR - Lighthouse test timed out for University of Essex (https://www.essex.ac.uk) on desktop
2025-10-09 21:15:10,367 - WARNING - ❌ [94/100] University of Essex (desktop) FAILED - will retry
2025-10-09 21:15:11,320 - INFO - ✅ [95/100] Edinburgh Napier University (desktop) - ETA: 0.6m
2025-10-09 21:15:17,451 - INFO - ✅ [96/100] University of Stirling (desktop) - ETA: 0.5m
2025-10-09 21:15:20,447 - INFO - ✅ [97/100] University of Bradford (desktop) - ETA: 0.3m
2025-10-09 21:15:21,335 - INFO - ✅ [98/100] University of Bradford (mobile) - ETA: 0.2m
2025-10-09 21:15:29,921 - INFO - ✅ [99/100] Northumbria University (mobile) - ETA: 0.1m
2025-10-09 21:15:30,021 - INFO - ✅ [100/100] Northumbria University (desktop) - ETA: 0.0m
2025-10-09 21:15:30,025 - INFO - 
🔄 Retrying 37 failed tests...

2025-10-09 21:15:30,027 - INFO - Retry attempt 1/2 for 37 tests
2025-10-09 21:15:30,029 - INFO - Testing University of Manchester (https://www.manchester.ac.uk) on mobile (retry 1)
2025-10-09 21:15:30,034 - INFO - Testing University of Manchester (https://www.manchester.ac.uk) on desktop (retry 1)
2025-10-09 21:15:30,040 - INFO - Testing London School of Economics and Political Science (https://www.lse.ac.uk) on desktop (retry 1)
2025-10-09 21:15:30,044 - INFO - Testing London School of Economics and Political Science (https://www.lse.ac.uk) on mobile (retry 1)
2025-10-09 21:15:30,051 - INFO - Testing University of Warwick (https://www.warwick.ac.uk) on mobile (retry 1)
2025-10-09 21:15:30,051 - INFO - Testing University of Warwick (https://www.warwick.ac.uk) on desktop (retry 1)
2025-10-09 21:15:30,058 - INFO - Testing Queen Mary University of London (https://www.qmul.ac.uk) on mobile (retry 1)
2025-10-09 21:15:30,061 - INFO - Testing Queen Mary University of London (https://www.qmul.ac.uk) on desktop (retry 1)
2025-10-09 21:15:30,076 - INFO - Testing University of York (https://www.york.ac.uk) on mobile (retry 1)
2025-10-09 21:15:30,082 - INFO - Testing University of York (https://www.york.ac.uk) on desktop (retry 1)
2025-10-09 21:15:30,123 - INFO - Testing University of St Andrews (https://www.st-andrews.ac.uk) on mobile (retry 1)
2025-10-09 21:15:30,151 - INFO - Testing University of St Andrews (https://www.st-andrews.ac.uk) on desktop (retry 1)
2025-10-09 21:15:30,180 - INFO - Testing University of Newcastle (https://www.ncl.ac.uk) on mobile (retry 1)
2025-10-09 21:15:30,191 - INFO - Testing University of Newcastle (https://www.ncl.ac.uk) on desktop (retry 1)
2025-10-09 21:15:30,208 - INFO - Testing Queen's University Belfast (https://www.qub.ac.uk) on mobile (retry 1)
2025-10-09 21:15:30,220 - INFO - Testing Queen's University Belfast (https://www.qub.ac.uk) on desktop (retry 1)
2025-10-09 21:17:30,285 - ERROR - Lighthouse test timed out for London School of Economics and Political Science (https://www.lse.ac.uk) on desktop
2025-10-09 21:17:30,290 - INFO - Testing University of Dundee (https://www.dundee.ac.uk) on mobile (retry 1)
2025-10-09 21:17:30,291 - WARNING - ❌ Retry failed: London School of Economics and Political Science (desktop)
2025-10-09 21:17:30,432 - ERROR - Lighthouse test timed out for University of Warwick (https://www.warwick.ac.uk) on desktop
2025-10-09 21:17:30,433 - INFO - Testing University of Reading (https://www.reading.ac.uk) on mobile (retry 1)
2025-10-09 21:17:30,447 - WARNING - ❌ Retry failed: University of Warwick (desktop)
2025-10-09 21:17:30,463 - ERROR - Lighthouse test timed out for University of Warwick (https://www.warwick.ac.uk) on mobile
2025-10-09 21:17:30,464 - INFO - Testing University of Reading (https://www.reading.ac.uk) on desktop (retry 1)
2025-10-09 21:17:30,485 - WARNING - ❌ Retry failed: University of Warwick (mobile)
2025-10-09 21:17:30,500 - ERROR - Lighthouse test timed out for Queen Mary University of London (https://www.qmul.ac.uk) on mobile
2025-10-09 21:17:30,500 - INFO - Testing University of Leicester (https://www.le.ac.uk) on mobile (retry 1)
2025-10-09 21:17:30,503 - WARNING - ❌ Retry failed: Queen Mary University of London (mobile)
2025-10-09 21:17:30,560 - ERROR - Lighthouse test timed out for University of York (https://www.york.ac.uk) on desktop
2025-10-09 21:17:30,561 - INFO - Testing University of Leicester (https://www.le.ac.uk) on desktop (retry 1)
2025-10-09 21:17:30,582 - ERROR - Lighthouse test timed out for University of Manchester (https://www.manchester.ac.uk) on mobile
2025-10-09 21:17:30,583 - ERROR - Lighthouse test timed out for London School of Economics and Political Science (https://www.lse.ac.uk) on mobile
2025-10-09 21:17:30,583 - WARNING - ❌ Retry failed: University of York (desktop)
2025-10-09 21:17:30,583 - ERROR - Lighthouse test timed out for University of St Andrews (https://www.st-andrews.ac.uk) on desktop
2025-10-09 21:17:30,586 - INFO - Testing Swansea University (https://www.swansea.ac.uk) on mobile (retry 1)
2025-10-09 21:17:30,616 - ERROR - Lighthouse test timed out for Queen's University Belfast (https://www.qub.ac.uk) on mobile
2025-10-09 21:17:30,616 - ERROR - Lighthouse test timed out for Queen Mary University of London (https://www.qmul.ac.uk) on desktop
2025-10-09 21:17:30,617 - WARNING - ❌ Retry failed: University of Manchester (mobile)
2025-10-09 21:17:30,617 - INFO - Testing Swansea University (https://www.swansea.ac.uk) on desktop (retry 1)
2025-10-09 21:17:30,643 - INFO - Testing City, University of London (https://www.city.ac.uk) on mobile (retry 1)
2025-10-09 21:17:30,644 - ERROR - Lighthouse test timed out for University of Manchester (https://www.manchester.ac.uk) on desktop
2025-10-09 21:17:30,644 - INFO - Testing City, University of London (https://www.city.ac.uk) on desktop (retry 1)
2025-10-09 21:17:30,652 - WARNING - ❌ Retry failed: University of St Andrews (desktop)
2025-10-09 21:17:30,654 - INFO - Testing Brunel University London (https://www.brunel.ac.uk) on mobile (retry 1)
2025-10-09 21:17:30,655 - ERROR - Lighthouse test timed out for Queen's University Belfast (https://www.qub.ac.uk) on desktop
2025-10-09 21:17:30,655 - INFO - Testing Brunel University London (https://www.brunel.ac.uk) on desktop (retry 1)
2025-10-09 21:17:30,658 - ERROR - Lighthouse test timed out for University of St Andrews (https://www.st-andrews.ac.uk) on mobile
2025-10-09 21:17:30,686 - INFO - Testing Aston University (https://www.aston.ac.uk) on mobile (retry 1)
2025-10-09 21:17:30,715 - INFO - Testing Aston University (https://www.aston.ac.uk) on desktop (retry 1)
2025-10-09 21:17:30,722 - WARNING - ❌ Retry failed: Queen Mary University of London (desktop)
2025-10-09 21:17:30,723 - WARNING - ❌ Retry failed: University of Manchester (desktop)
2025-10-09 21:17:30,723 - WARNING - ❌ Retry failed: Queen's University Belfast (mobile)
2025-10-09 21:17:30,723 - WARNING - ❌ Retry failed: London School of Economics and Political Science (mobile)
2025-10-09 21:17:30,723 - WARNING - ❌ Retry failed: Queen's University Belfast (desktop)
2025-10-09 21:17:30,723 - WARNING - ❌ Retry failed: University of St Andrews (mobile)
2025-10-09 21:17:30,773 - ERROR - Lighthouse test timed out for University of Newcastle (https://www.ncl.ac.uk) on mobile
2025-10-09 21:17:30,781 - INFO - Testing University of Kent (https://www.kent.ac.uk) on mobile (retry 1)
2025-10-09 21:17:30,792 - WARNING - ❌ Retry failed: University of Newcastle (mobile)
2025-10-09 21:17:30,936 - ERROR - Lighthouse test timed out for University of York (https://www.york.ac.uk) on mobile
2025-10-09 21:17:30,937 - INFO - Testing University of Kent (https://www.kent.ac.uk) on desktop (retry 1)
2025-10-09 21:17:30,993 - WARNING - ❌ Retry failed: University of York (mobile)
2025-10-09 21:17:31,105 - ERROR - Lighthouse test timed out for University of Newcastle (https://www.ncl.ac.uk) on desktop
2025-10-09 21:17:31,105 - INFO - Testing Goldsmiths, University of London (https://www.gold.ac.uk) on mobile (retry 1)
2025-10-09 21:17:31,142 - WARNING - ❌ Retry failed: University of Newcastle (desktop)
2025-10-09 21:18:47,482 - ERROR - Lighthouse failed for University of Dundee (https://www.dundee.ac.uk) on mobile: Unhandled Rejection. Reason: Error: Protocol error (Runtime.evaluate): Protocol error (Runtime.evaluate): Promise was collected

2025-10-09 21:18:47,496 - INFO - Testing Goldsmiths, University of London (https://www.gold.ac.uk) on desktop (retry 1)
2025-10-09 21:18:47,520 - WARNING - ❌ Retry failed: University of Dundee (mobile)
2025-10-09 21:19:30,839 - ERROR - Lighthouse test timed out for University of Reading (https://www.reading.ac.uk) on desktop
2025-10-09 21:19:30,867 - INFO - Testing Royal Holloway, University of London (https://www.rhul.ac.uk) on mobile (retry 1)
2025-10-09 21:19:30,908 - WARNING - ❌ Retry failed: University of Reading (desktop)
2025-10-09 21:19:30,914 - ERROR - Lighthouse test timed out for University of Reading (https://www.reading.ac.uk) on mobile
2025-10-09 21:19:30,914 - INFO - Testing Royal Holloway, University of London (https://www.rhul.ac.uk) on desktop (retry 1)
2025-10-09 21:19:30,992 - ERROR - Lighthouse test timed out for University of Leicester (https://www.le.ac.uk) on mobile
2025-10-09 21:19:30,992 - INFO - Testing University of Essex (https://www.essex.ac.uk) on mobile (retry 1)
2025-10-09 21:19:31,029 - WARNING - ❌ Retry failed: University of Reading (mobile)
2025-10-09 21:19:31,030 - WARNING - ❌ Retry failed: University of Leicester (mobile)
2025-10-09 21:19:31,042 - ERROR - Lighthouse test timed out for City, University of London (https://www.city.ac.uk) on desktop
2025-10-09 21:19:31,043 - INFO - Testing University of Essex (https://www.essex.ac.uk) on desktop (retry 1)
2025-10-09 21:19:31,080 - WARNING - ❌ Retry failed: City, University of London (desktop)
2025-10-09 21:19:31,086 - ERROR - Lighthouse test timed out for University of Leicester (https://www.le.ac.uk) on desktop
2025-10-09 21:19:31,100 - WARNING - ❌ Retry failed: University of Leicester (desktop)
2025-10-09 21:19:31,102 - ERROR - Lighthouse test timed out for Swansea University (https://www.swansea.ac.uk) on desktop
2025-10-09 21:19:31,109 - WARNING - ❌ Retry failed: Swansea University (desktop)
2025-10-09 21:19:31,113 - ERROR - Lighthouse test timed out for Brunel University London (https://www.brunel.ac.uk) on mobile
2025-10-09 21:19:31,127 - ERROR - Lighthouse test timed out for City, University of London (https://www.city.ac.uk) on mobile
2025-10-09 21:19:31,127 - WARNING - ❌ Retry failed: Brunel University London (mobile)
2025-10-09 21:19:31,128 - WARNING - ❌ Retry failed: City, University of London (mobile)
2025-10-09 21:19:31,145 - ERROR - Lighthouse test timed out for Brunel University London (https://www.brunel.ac.uk) on desktop
2025-10-09 21:19:31,145 - WARNING - ❌ Retry failed: Brunel University London (desktop)
2025-10-09 21:19:31,151 - ERROR - Lighthouse test timed out for Swansea University (https://www.swansea.ac.uk) on mobile
2025-10-09 21:19:31,151 - WARNING - ❌ Retry failed: Swansea University (mobile)
2025-10-09 21:19:31,195 - ERROR - Lighthouse test timed out for Aston University (https://www.aston.ac.uk) on mobile
2025-10-09 21:19:31,196 - WARNING - ❌ Retry failed: Aston University (mobile)
2025-10-09 21:19:31,224 - ERROR - Lighthouse test timed out for Aston University (https://www.aston.ac.uk) on desktop
2025-10-09 21:19:31,225 - WARNING - ❌ Retry failed: Aston University (desktop)
2025-10-09 21:19:31,321 - ERROR - Lighthouse test timed out for University of Kent (https://www.kent.ac.uk) on mobile
2025-10-09 21:19:31,329 - WARNING - ❌ Retry failed: University of Kent (mobile)
2025-10-09 21:19:31,442 - ERROR - Lighthouse test timed out for University of Kent (https://www.kent.ac.uk) on desktop
2025-10-09 21:19:31,451 - WARNING - ❌ Retry failed: University of Kent (desktop)
2025-10-09 21:19:31,561 - ERROR - Lighthouse test timed out for Goldsmiths, University of London (https://www.gold.ac.uk) on mobile
2025-10-09 21:19:31,565 - WARNING - ❌ Retry failed: Goldsmiths, University of London (mobile)
2025-10-09 21:20:47,835 - ERROR - Lighthouse test timed out for Goldsmiths, University of London (https://www.gold.ac.uk) on desktop
2025-10-09 21:20:47,839 - WARNING - ❌ Retry failed: Goldsmiths, University of London (desktop)
2025-10-09 21:20:59,408 - INFO - ✅ Retry success: Royal Holloway, University of London (mobile)
2025-10-09 21:21:00,680 - INFO - ✅ Retry success: Royal Holloway, University of London (desktop)
2025-10-09 21:21:12,193 - INFO - ✅ Retry success: University of Essex (desktop)
2025-10-09 21:21:13,178 - INFO - ✅ Retry success: University of Essex (mobile)
2025-10-09 21:21:13,181 - INFO - Waiting 5 seconds before next retry...
2025-10-09 21:21:18,185 - INFO - Retry attempt 2/2 for 33 tests
2025-10-09 21:21:18,187 - INFO - Testing London School of Economics and Political Science (https://www.lse.ac.uk) on desktop (retry 2)
2025-10-09 21:21:18,187 - INFO - Testing University of Warwick (https://www.warwick.ac.uk) on desktop (retry 2)
2025-10-09 21:21:18,187 - INFO - Testing University of Warwick (https://www.warwick.ac.uk) on mobile (retry 2)
2025-10-09 21:21:18,188 - INFO - Testing Queen Mary University of London (https://www.qmul.ac.uk) on mobile (retry 2)
2025-10-09 21:21:18,189 - INFO - Testing University of York (https://www.york.ac.uk) on desktop (retry 2)
2025-10-09 21:21:18,189 - INFO - Testing University of Manchester (https://www.manchester.ac.uk) on mobile (retry 2)
2025-10-09 21:21:18,189 - INFO - Testing University of St Andrews (https://www.st-andrews.ac.uk) on desktop (retry 2)
2025-10-09 21:21:18,190 - INFO - Testing Queen Mary University of London (https://www.qmul.ac.uk) on desktop (retry 2)
2025-10-09 21:21:18,205 - INFO - Testing University of Manchester (https://www.manchester.ac.uk) on desktop (retry 2)
2025-10-09 21:21:18,216 - INFO - Testing Queen's University Belfast (https://www.qub.ac.uk) on mobile (retry 2)
2025-10-09 21:21:18,219 - INFO - Testing London School of Economics and Political Science (https://www.lse.ac.uk) on mobile (retry 2)
2025-10-09 21:21:18,229 - INFO - Testing Queen's University Belfast (https://www.qub.ac.uk) on desktop (retry 2)
2025-10-09 21:21:18,234 - INFO - Testing University of St Andrews (https://www.st-andrews.ac.uk) on mobile (retry 2)
2025-10-09 21:21:18,236 - INFO - Testing University of Newcastle (https://www.ncl.ac.uk) on mobile (retry 2)
2025-10-09 21:21:18,241 - INFO - Testing University of York (https://www.york.ac.uk) on mobile (retry 2)
2025-10-09 21:21:18,243 - INFO - Testing University of Newcastle (https://www.ncl.ac.uk) on desktop (retry 2)
2025-10-09 21:23:21,507 - ERROR - Lighthouse test timed out for University of Warwick (https://www.warwick.ac.uk) on desktop
2025-10-09 21:23:21,714 - INFO - Testing University of Dundee (https://www.dundee.ac.uk) on mobile (retry 2)
2025-10-09 21:23:21,722 - WARNING - ❌ Retry failed: University of Warwick (desktop)
2025-10-09 21:23:21,854 - ERROR - Lighthouse test timed out for Queen Mary University of London (https://www.qmul.ac.uk) on desktop
2025-10-09 21:23:21,854 - INFO - Testing University of Reading (https://www.reading.ac.uk) on desktop (retry 2)
2025-10-09 21:23:21,856 - WARNING - ❌ Retry failed: Queen Mary University of London (desktop)
2025-10-09 21:23:22,094 - ERROR - Lighthouse test timed out for University of Newcastle (https://www.ncl.ac.uk) on mobile
2025-10-09 21:23:22,095 - INFO - Testing University of Reading (https://www.reading.ac.uk) on mobile (retry 2)
2025-10-09 21:23:22,186 - WARNING - ❌ Retry failed: University of Newcastle (mobile)
2025-10-09 21:23:22,190 - ERROR - Lighthouse test timed out for University of Warwick (https://www.warwick.ac.uk) on mobile
2025-10-09 21:23:22,217 - ERROR - Lighthouse test timed out for University of York (https://www.york.ac.uk) on mobile
2025-10-09 21:23:22,255 - INFO - Testing City, University of London (https://www.city.ac.uk) on desktop (retry 2)
2025-10-09 21:23:22,254 - ERROR - Lighthouse test timed out for University of Newcastle (https://www.ncl.ac.uk) on desktop
2025-10-09 21:23:22,336 - ERROR - Lighthouse test timed out for Queen's University Belfast (https://www.qub.ac.uk) on mobile
2025-10-09 21:23:22,336 - WARNING - ❌ Retry failed: University of Warwick (mobile)
2025-10-09 21:23:22,337 - INFO - Testing University of Leicester (https://www.le.ac.uk) on mobile (retry 2)
2025-10-09 21:23:22,337 - ERROR - Lighthouse test timed out for Queen's University Belfast (https://www.qub.ac.uk) on desktop
2025-10-09 21:23:22,362 - INFO - Testing University of Leicester (https://www.le.ac.uk) on desktop (retry 2)
2025-10-09 21:23:22,381 - INFO - Testing Swansea University (https://www.swansea.ac.uk) on desktop (retry 2)
2025-10-09 21:23:22,491 - ERROR - Lighthouse test timed out for London School of Economics and Political Science (https://www.lse.ac.uk) on mobile
2025-10-09 21:23:22,492 - ERROR - Lighthouse test timed out for University of Manchester (https://www.manchester.ac.uk) on mobile
2025-10-09 21:23:22,637 - ERROR - Lighthouse test timed out for University of St Andrews (https://www.st-andrews.ac.uk) on desktop
2025-10-09 21:23:22,637 - ERROR - Lighthouse test timed out for University of Manchester (https://www.manchester.ac.uk) on desktop
2025-10-09 21:23:22,637 - ERROR - Lighthouse test timed out for London School of Economics and Political Science (https://www.lse.ac.uk) on desktop
2025-10-09 21:23:22,757 - ERROR - Lighthouse test timed out for University of St Andrews (https://www.st-andrews.ac.uk) on mobile
2025-10-09 21:23:22,758 - INFO - Testing Brunel University London (https://www.brunel.ac.uk) on mobile (retry 2)
2025-10-09 21:23:22,769 - ERROR - Lighthouse test timed out for Queen Mary University of London (https://www.qmul.ac.uk) on mobile
2025-10-09 21:23:22,792 - INFO - Testing University of Kent (https://www.kent.ac.uk) on desktop (retry 2)
2025-10-09 21:23:22,776 - INFO - Testing City, University of London (https://www.city.ac.uk) on mobile (retry 2)
2025-10-09 21:23:22,777 - INFO - Testing Brunel University London (https://www.brunel.ac.uk) on desktop (retry 2)
2025-10-09 21:23:22,777 - INFO - Testing Swansea University (https://www.swansea.ac.uk) on mobile (retry 2)
2025-10-09 21:23:22,777 - INFO - Testing Aston University (https://www.aston.ac.uk) on mobile (retry 2)
2025-10-09 21:23:22,777 - INFO - Testing Aston University (https://www.aston.ac.uk) on desktop (retry 2)
2025-10-09 21:23:22,778 - INFO - Testing University of Kent (https://www.kent.ac.uk) on mobile (retry 2)
2025-10-09 21:23:22,804 - ERROR - Lighthouse test timed out for University of York (https://www.york.ac.uk) on desktop
2025-10-09 21:23:22,769 - WARNING - ❌ Retry failed: University of York (mobile)
2025-10-09 21:23:23,013 - INFO - Testing Goldsmiths, University of London (https://www.gold.ac.uk) on mobile (retry 2)
2025-10-09 21:23:23,014 - WARNING - ❌ Retry failed: University of Newcastle (desktop)
2025-10-09 21:23:23,014 - WARNING - ❌ Retry failed: Queen's University Belfast (mobile)
2025-10-09 21:23:23,014 - WARNING - ❌ Retry failed: Queen's University Belfast (desktop)
2025-10-09 21:23:23,014 - WARNING - ❌ Retry failed: London School of Economics and Political Science (mobile)
2025-10-09 21:23:23,014 - WARNING - ❌ Retry failed: University of Manchester (mobile)
2025-10-09 21:23:23,014 - WARNING - ❌ Retry failed: University of St Andrews (desktop)
2025-10-09 21:23:23,028 - WARNING - ❌ Retry failed: University of Manchester (desktop)
2025-10-09 21:23:23,028 - WARNING - ❌ Retry failed: London School of Economics and Political Science (desktop)
2025-10-09 21:23:23,028 - WARNING - ❌ Retry failed: University of St Andrews (mobile)
2025-10-09 21:23:23,028 - WARNING - ❌ Retry failed: Queen Mary University of London (mobile)
2025-10-09 21:23:23,029 - WARNING - ❌ Retry failed: University of York (desktop)
2025-10-09 21:24:28,171 - ERROR - Lighthouse failed for Goldsmiths, University of London (https://www.gold.ac.uk) on mobile: Unable to connect to Chrome

2025-10-09 21:24:28,199 - INFO - Testing Goldsmiths, University of London (https://www.gold.ac.uk) on desktop (retry 2)
2025-10-09 21:24:28,343 - WARNING - ❌ Retry failed: Goldsmiths, University of London (mobile)
2025-10-09 21:24:28,361 - ERROR - Lighthouse failed for University of Reading (https://www.reading.ac.uk) on mobile: Unable to connect to Chrome

2025-10-09 21:24:28,366 - WARNING - ❌ Retry failed: University of Reading (mobile)
2025-10-09 21:24:28,477 - ERROR - Lighthouse failed for University of Kent (https://www.kent.ac.uk) on mobile: Unable to connect to Chrome

2025-10-09 21:24:28,482 - WARNING - ❌ Retry failed: University of Kent (mobile)
2025-10-09 21:24:28,552 - ERROR - Lighthouse failed for University of Reading (https://www.reading.ac.uk) on desktop: Unable to connect to Chrome

2025-10-09 21:24:28,620 - WARNING - ❌ Retry failed: University of Reading (desktop)
2025-10-09 21:24:28,596 - ERROR - Lighthouse failed for University of Dundee (https://www.dundee.ac.uk) on mobile: Unable to connect to Chrome

2025-10-09 21:24:28,646 - WARNING - ❌ Retry failed: University of Dundee (mobile)
2025-10-09 21:24:39,360 - ERROR - Lighthouse failed for Swansea University (https://www.swansea.ac.uk) on desktop: Unable to connect to Chrome

2025-10-09 21:24:39,547 - WARNING - ❌ Retry failed: Swansea University (desktop)
2025-10-09 21:24:42,906 - ERROR - Lighthouse failed for University of Kent (https://www.kent.ac.uk) on desktop: Unable to connect to Chrome

2025-10-09 21:24:42,959 - WARNING - ❌ Retry failed: University of Kent (desktop)
2025-10-09 21:24:42,971 - ERROR - Lighthouse failed for City, University of London (https://www.city.ac.uk) on desktop: Unable to connect to Chrome

2025-10-09 21:24:42,982 - WARNING - ❌ Retry failed: City, University of London (desktop)
2025-10-09 21:24:56,601 - ERROR - Lighthouse failed for University of Leicester (https://www.le.ac.uk) on mobile: Unable to connect to Chrome

2025-10-09 21:24:56,598 - ERROR - Lighthouse failed for Brunel University London (https://www.brunel.ac.uk) on mobile: Unable to connect to Chrome

2025-10-09 21:24:56,633 - WARNING - ❌ Retry failed: University of Leicester (mobile)
2025-10-09 21:24:56,642 - WARNING - ❌ Retry failed: Brunel University London (mobile)
2025-10-09 21:24:57,040 - ERROR - Lighthouse failed for Swansea University (https://www.swansea.ac.uk) on mobile: Unable to connect to Chrome

2025-10-09 21:24:57,047 - WARNING - ❌ Retry failed: Swansea University (mobile)
2025-10-09 21:24:59,297 - ERROR - Lighthouse failed for University of Leicester (https://www.le.ac.uk) on desktop: Unable to connect to Chrome

2025-10-09 21:24:59,384 - WARNING - ❌ Retry failed: University of Leicester (desktop)
2025-10-09 21:25:23,582 - ERROR - Lighthouse test timed out for Aston University (https://www.aston.ac.uk) on desktop
2025-10-09 21:25:23,623 - ERROR - Lighthouse test timed out for Aston University (https://www.aston.ac.uk) on mobile
2025-10-09 21:25:23,657 - ERROR - Lighthouse test timed out for Brunel University London (https://www.brunel.ac.uk) on desktop
2025-10-09 21:25:23,726 - WARNING - ❌ Retry failed: Aston University (desktop)
2025-10-09 21:25:23,731 - WARNING - ❌ Retry failed: Aston University (mobile)
2025-10-09 21:25:23,731 - WARNING - ❌ Retry failed: Brunel University London (desktop)
2025-10-09 21:25:23,859 - ERROR - Lighthouse test timed out for City, University of London (https://www.city.ac.uk) on mobile
2025-10-09 21:25:23,892 - WARNING - ❌ Retry failed: City, University of London (mobile)
2025-10-09 21:26:29,358 - ERROR - Lighthouse test timed out for Goldsmiths, University of London (https://www.gold.ac.uk) on desktop
2025-10-09 21:26:30,079 - WARNING - ❌ Retry failed: Goldsmiths, University of London (desktop)
2025-10-09 21:26:31,003 - INFO - 
============================================================
2025-10-09 21:26:31,148 - INFO - Completed in 22.0 minutes
2025-10-09 21:26:31,148 - INFO - ✅ Successful: 67 (67.0%)
2025-10-09 21:26:31,148 - INFO - ❌ Failed: 33
2025-10-09 21:26:31,148 - INFO - Total: 100
2025-10-09 21:26:31,148 - WARNING - 
Permanently failed tests:
2025-10-09 21:26:31,148 - WARNING -   - University of Warwick (desktop)
2025-10-09 21:26:31,148 - WARNING -   - Queen Mary University of London (desktop)
2025-10-09 21:26:31,148 - WARNING -   - University of Newcastle (mobile)
2025-10-09 21:26:31,148 - WARNING -   - University of Warwick (mobile)
2025-10-09 21:26:31,148 - WARNING -   - University of York (mobile)
2025-10-09 21:26:31,148 - WARNING -   - University of Newcastle (desktop)
2025-10-09 21:26:31,148 - WARNING -   - Queen's University Belfast (mobile)
2025-10-09 21:26:31,148 - WARNING -   - Queen's University Belfast (desktop)
2025-10-09 21:26:31,149 - WARNING -   - London School of Economics and Political Science (mobile)
2025-10-09 21:26:31,172 - WARNING -   - University of Manchester (mobile)
2025-10-09 21:26:31,172 - WARNING -   - University of St Andrews (desktop)
2025-10-09 21:26:31,262 - WARNING -   - University of Manchester (desktop)
2025-10-09 21:26:31,262 - WARNING -   - London School of Economics and Political Science (desktop)
2025-10-09 21:26:31,262 - WARNING -   - University of St Andrews (mobile)
2025-10-09 21:26:31,263 - WARNING -   - Queen Mary University of London (mobile)
2025-10-09 21:26:31,263 - WARNING -   - University of York (desktop)
2025-10-09 21:26:31,263 - WARNING -   - Goldsmiths, University of London (mobile)
2025-10-09 21:26:31,263 - WARNING -   - University of Reading (mobile)
2025-10-09 21:26:31,263 - WARNING -   - University of Kent (mobile)
2025-10-09 21:26:31,263 - WARNING -   - University of Reading (desktop)
2025-10-09 21:26:31,263 - WARNING -   - University of Dundee (mobile)
2025-10-09 21:26:31,263 - WARNING -   - Swansea University (desktop)
2025-10-09 21:26:31,263 - WARNING -   - University of Kent (desktop)
2025-10-09 21:26:31,263 - WARNING -   - City, University of London (desktop)
2025-10-09 21:26:31,263 - WARNING -   - University of Leicester (mobile)
2025-10-09 21:26:31,263 - WARNING -   - Brunel University London (mobile)
2025-10-09 21:26:31,263 - WARNING -   - Swansea University (mobile)
2025-10-09 21:26:31,263 - WARNING -   - University of Leicester (desktop)
2025-10-09 21:26:31,263 - WARNING -   - Aston University (desktop)
2025-10-09 21:26:31,263 - WARNING -   - Aston University (mobile)
2025-10-09 21:26:31,263 - WARNING -   - Brunel University London (desktop)
2025-10-09 21:26:31,263 - WARNING -   - City, University of London (mobile)
2025-10-09 21:26:31,263 - WARNING -   - Goldsmiths, University of London (desktop)
2025-10-09 21:26:31,263 - INFO - ============================================================

2025-10-09 21:26:33,547 - INFO - Results saved to lighthouse_results/lighthouse_results_2025-10-09.json
2025-10-09 21:26:33,584 - INFO - Updated university-of-edinburgh.json (2 new, 2 total)
2025-10-09 21:26:33,587 - INFO - Updated university-college-london.json (2 new, 2 total)
2025-10-09 21:26:33,588 - INFO - Updated university-of-cambridge.json (2 new, 2 total)
2025-10-09 21:26:33,589 - INFO - Updated imperial-college-london.json (2 new, 2 total)
2025-10-09 21:26:33,589 - INFO - Updated kings-college-london.json (2 new, 2 total)
2025-10-09 21:26:33,589 - INFO - Updated university-of-oxford.json (2 new, 2 total)
2025-10-09 21:26:33,592 - INFO - Updated university-of-leeds.json (2 new, 2 total)
2025-10-09 21:26:33,592 - INFO - Updated university-of-birmingham.json (2 new, 2 total)
2025-10-09 21:26:33,598 - INFO - Updated university-of-glasgow.json (2 new, 2 total)
2025-10-09 21:26:33,598 - INFO - Updated university-of-southampton.json (2 new, 2 total)
2025-10-09 21:26:33,599 - INFO - Updated university-of-sheffield.json (2 new, 2 total)
2025-10-09 21:26:33,599 - INFO - Updated university-of-nottingham.json (2 new, 2 total)
2025-10-09 21:26:33,600 - INFO - Updated lancaster-university.json (2 new, 2 total)
2025-10-09 21:26:33,601 - INFO - Updated university-of-exeter.json (2 new, 2 total)
2025-10-09 21:26:33,601 - INFO - Updated cardiff-university.json (2 new, 2 total)
2025-10-09 21:26:33,601 - INFO - Updated university-of-bath.json (2 new, 2 total)
2025-10-09 21:26:33,606 - INFO - Updated university-of-liverpool.json (2 new, 2 total)
2025-10-09 21:26:33,607 - INFO - Updated university-of-sussex.json (2 new, 2 total)
2025-10-09 21:26:33,607 - INFO - Updated university-of-surrey.json (2 new, 2 total)
2025-10-09 21:26:33,608 - INFO - Updated university-of-aberdeen.json (2 new, 2 total)
2025-10-09 21:26:33,610 - INFO - Updated university-of-dundee.json (1 new, 1 total)
2025-10-09 21:26:33,612 - INFO - Updated heriot-watt-university.json (2 new, 2 total)
2025-10-09 21:26:33,612 - INFO - Updated university-of-strathclyde.json (2 new, 2 total)
2025-10-09 21:26:33,613 - INFO - Updated loughborough-university.json (2 new, 2 total)
2025-10-09 21:26:33,613 - INFO - Updated oxford-brookes-university.json (2 new, 2 total)
2025-10-09 21:26:33,615 - INFO - Updated birkbeck-university-of-london.json (2 new, 2 total)
2025-10-09 21:26:33,617 - INFO - Updated university-of-stirling.json (2 new, 2 total)
2025-10-09 21:26:33,617 - INFO - Updated robert-gordon-university.json (2 new, 2 total)
2025-10-09 21:26:33,618 - INFO - Updated aberystwyth-university.json (2 new, 2 total)
2025-10-09 21:26:33,618 - INFO - Updated edinburgh-napier-university.json (2 new, 2 total)
2025-10-09 21:26:33,619 - INFO - Updated university-of-bradford.json (2 new, 2 total)
2025-10-09 21:26:33,619 - INFO - Updated northumbria-university.json (2 new, 2 total)
2025-10-09 21:26:33,619 - INFO - Updated royal-holloway-university-of-london.json (2 new, 2 total)
2025-10-09 21:26:33,620 - INFO - Updated university-of-essex.json (2 new, 2 total)
2025-10-09 21:26:33,631 - INFO - Updated index.json with 34 universities
2025-10-09 21:26:33,631 - INFO - All tasks completed! Success rate: 67.0%
